[    0.000000] Linux version 4.15.0-121-generic (buildd@lgw01-amd64-034) (gcc version 7.5.0 (Ubuntu 7.5.0-3ubuntu1~18.04)) #123-Ubuntu SMP Mon Oct 5 16:16:40 UTC 2020 (Ubuntu 4.15.0-121.123-generic 4.15.18)
[    0.000000] Command line: BOOT_IMAGE=/boot/vmlinuz-4.15.0-121-generic root=LABEL=cloudimg-rootfs ro console=tty1 console=ttyS0
[    0.000000] KERNEL supported cpus:
[    0.000000]   Intel GenuineIntel
[    0.000000]   AMD AuthenticAMD
[    0.000000]   Centaur CentaurHauls
[    0.000000] x86/fpu: Supporting XSAVE feature 0x001: 'x87 floating point registers'
[    0.000000] x86/fpu: Supporting XSAVE feature 0x002: 'SSE registers'
[    0.000000] x86/fpu: Supporting XSAVE feature 0x004: 'AVX registers'
[    0.000000] x86/fpu: xstate_offset[2]:  576, xstate_sizes[2]:  256
[    0.000000] x86/fpu: Enabled xstate features 0x7, context size is 832 bytes, using 'standard' format.
[    0.000000] e820: BIOS-provided physical RAM map:
[    0.000000] BIOS-e820: [mem 0x0000000000000000-0x000000000009fbff] usable
[    0.000000] BIOS-e820: [mem 0x000000000009fc00-0x000000000009ffff] reserved
[    0.000000] BIOS-e820: [mem 0x00000000000f0000-0x00000000000fffff] reserved
[    0.000000] BIOS-e820: [mem 0x0000000000100000-0x000000003ffeffff] usable
[    0.000000] BIOS-e820: [mem 0x000000003fff0000-0x000000003fffffff] ACPI data
[    0.000000] BIOS-e820: [mem 0x00000000fec00000-0x00000000fec00fff] reserved
[    0.000000] BIOS-e820: [mem 0x00000000fee00000-0x00000000fee00fff] reserved
[    0.000000] BIOS-e820: [mem 0x00000000fffc0000-0x00000000ffffffff] reserved
[    0.000000] NX (Execute Disable) protection: active
[    0.000000] SMBIOS 2.5 present.
[    0.000000] DMI: innotek GmbH VirtualBox/VirtualBox, BIOS VirtualBox 12/01/2006
[    0.000000] Hypervisor detected: KVM
[    0.000000] e820: last_pfn = 0x3fff0 max_arch_pfn = 0x400000000
[    0.000000] MTRR: Disabled
[    0.000000] x86/PAT: MTRRs disabled, skipping PAT initialization too.
[    0.000000] CPU MTRRs all blank - virtualized system.
[    0.000000] x86/PAT: Configuration [0-7]: WB  WT  UC- UC  WB  WT  UC- UC  
[    0.000000] found SMP MP-table at [mem 0x0009fff0-0x0009ffff]
[    0.000000] Scanning 1 areas for low memory corruption
[    0.000000] RAMDISK: [mem 0x35a63000-0x36d28fff]
[    0.000000] ACPI: Early table checksum verification disabled
[    0.000000] ACPI: RSDP 0x00000000000E0000 000024 (v02 VBOX  )
[    0.000000] ACPI: XSDT 0x000000003FFF0030 00003C (v01 VBOX   VBOXXSDT 00000001 ASL  00000061)
[    0.000000] ACPI: FACP 0x000000003FFF00F0 0000F4 (v04 VBOX   VBOXFACP 00000001 ASL  00000061)
[    0.000000] ACPI: DSDT 0x000000003FFF0470 002325 (v02 VBOX   VBOXBIOS 00000002 INTL 20100528)
[    0.000000] ACPI: FACS 0x000000003FFF0200 000040
[    0.000000] ACPI: FACS 0x000000003FFF0200 000040
[    0.000000] ACPI: APIC 0x000000003FFF0240 00005C (v02 VBOX   VBOXAPIC 00000001 ASL  00000061)
[    0.000000] ACPI: SSDT 0x000000003FFF02A0 0001CC (v01 VBOX   VBOXCPUT 00000002 INTL 20100528)
[    0.000000] No NUMA configuration found
[    0.000000] Faking a node at [mem 0x0000000000000000-0x000000003ffeffff]
[    0.000000] NODE_DATA(0) allocated [mem 0x3ffc5000-0x3ffeffff]
[    0.000000] kvm-clock: cpu 0, msr 0:3ff44001, primary cpu clock
[    0.000000] kvm-clock: Using msrs 4b564d01 and 4b564d00
[    0.000000] kvm-clock: using sched offset of 3802377619 cycles
[    0.000000] clocksource: kvm-clock: mask: 0xffffffffffffffff max_cycles: 0x1cd42e4dffb, max_idle_ns: 881590591483 ns
[    0.000000] Zone ranges:
[    0.000000]   DMA      [mem 0x0000000000001000-0x0000000000ffffff]
[    0.000000]   DMA32    [mem 0x0000000001000000-0x000000003ffeffff]
[    0.000000]   Normal   empty
[    0.000000]   Device   empty
[    0.000000] Movable zone start for each node
[    0.000000] Early memory node ranges
[    0.000000]   node   0: [mem 0x0000000000001000-0x000000000009efff]
[    0.000000]   node   0: [mem 0x0000000000100000-0x000000003ffeffff]
[    0.000000] Reserved but unavailable: 98 pages
[    0.000000] Initmem setup node 0 [mem 0x0000000000001000-0x000000003ffeffff]
[    0.000000] ACPI: PM-Timer IO Port: 0x4008
[    0.000000] IOAPIC[0]: apic_id 2, version 32, address 0xfec00000, GSI 0-23
[    0.000000] ACPI: INT_SRC_OVR (bus 0 bus_irq 0 global_irq 2 dfl dfl)
[    0.000000] ACPI: INT_SRC_OVR (bus 0 bus_irq 9 global_irq 9 low level)
[    0.000000] Using ACPI (MADT) for SMP configuration information
[    0.000000] smpboot: Allowing 2 CPUs, 0 hotplug CPUs
[    0.000000] PM: Registered nosave memory: [mem 0x00000000-0x00000fff]
[    0.000000] PM: Registered nosave memory: [mem 0x0009f000-0x0009ffff]
[    0.000000] PM: Registered nosave memory: [mem 0x000a0000-0x000effff]
[    0.000000] PM: Registered nosave memory: [mem 0x000f0000-0x000fffff]
[    0.000000] e820: [mem 0x40000000-0xfebfffff] available for PCI devices
[    0.000000] Booting paravirtualized kernel on KVM
[    0.000000] clocksource: refined-jiffies: mask: 0xffffffff max_cycles: 0xffffffff, max_idle_ns: 7645519600211568 ns
[    0.000000] random: get_random_bytes called from start_kernel+0x99/0x500 with crng_init=0
[    0.000000] setup_percpu: NR_CPUS:8192 nr_cpumask_bits:2 nr_cpu_ids:2 nr_node_ids:1
[    0.000000] percpu: Embedded 45 pages/cpu s147456 r8192 d28672 u1048576
[    0.000000] PV qspinlock hash table entries: 256 (order: 0, 4096 bytes)
[    0.000000] Built 1 zonelists, mobility grouping on.  Total pages: 257913
[    0.000000] Policy zone: DMA32
[    0.000000] Kernel command line: BOOT_IMAGE=/boot/vmlinuz-4.15.0-121-generic root=LABEL=cloudimg-rootfs ro console=tty1 console=ttyS0
[    0.000000] Memory: 983024K/1048120K available (12300K kernel code, 2482K rwdata, 4272K rodata, 2436K init, 2724K bss, 65096K reserved, 0K cma-reserved)
[    0.000000] SLUB: HWalign=64, Order=0-3, MinObjects=0, CPUs=2, Nodes=1
[    0.000000] ftrace: allocating 39402 entries in 154 pages
[    0.004000] Hierarchical RCU implementation.
[    0.004000] 	RCU restricting CPUs from NR_CPUS=8192 to nr_cpu_ids=2.
[    0.004000] 	Tasks RCU enabled.
[    0.004000] RCU: Adjusting geometry for rcu_fanout_leaf=16, nr_cpu_ids=2
[    0.004000] NR_IRQS: 524544, nr_irqs: 440, preallocated irqs: 16
[    0.004000] Console: colour VGA+ 80x25
[    0.004000] console [tty1] enabled
[    0.004000] console [ttyS0] enabled
[    0.004000] ACPI: Core revision 20170831
[    0.004000] ACPI: 2 ACPI AML tables successfully acquired and loaded
[    0.004000] APIC: Switch to symmetric I/O mode setup
[    0.004000] x2apic enabled
[    0.004000] Switched APIC routing to physical x2apic.
[    0.004000] ..TIMER: vector=0x30 apic1=0 pin1=2 apic2=-1 pin2=-1
[    0.004004] tsc: Detected 2592.004 MHz processor
[    0.004812] Calibrating delay loop (skipped) preset value.. 5184.00 BogoMIPS (lpj=10368016)
[    0.005310] pid_max: default: 32768 minimum: 301
[    0.006170] Security Framework initialized
[    0.008003] Yama: becoming mindful.
[    0.008645] AppArmor: AppArmor initialized
[    0.012037] Dentry cache hash table entries: 131072 (order: 8, 1048576 bytes)
[    0.013088] Inode-cache hash table entries: 65536 (order: 7, 524288 bytes)
[    0.014133] Mount-cache hash table entries: 2048 (order: 2, 16384 bytes)
[    0.016005] Mountpoint-cache hash table entries: 2048 (order: 2, 16384 bytes)
[    0.017431] Last level iTLB entries: 4KB 64, 2MB 8, 4MB 8
[    0.018263] Last level dTLB entries: 4KB 64, 2MB 0, 4MB 0, 1GB 4
[    0.019029] Spectre V1 : Mitigation: usercopy/swapgs barriers and __user pointer sanitization
[    0.020002] Spectre V2 : Mitigation: Full generic retpoline
[    0.022214] Spectre V2 : Spectre v2 / SpectreRSB mitigation: Filling RSB on context switch
[    0.024007] Speculative Store Bypass: Vulnerable
[    0.028254] Freeing SMP alternatives memory: 36K
[    0.141123] smpboot: CPU0: Intel(R) Core(TM) i7-10750H CPU @ 2.60GHz (family: 0x6, model: 0xa5, stepping: 0x2)
[    0.144151] Performance Events: unsupported p6 CPU model 165 no PMU driver, software events only.
[    0.146289] Hierarchical SRCU implementation.
[    0.148919] NMI watchdog: Perf event create on CPU 0 failed with -2
[    0.151392] NMI watchdog: Perf NMI watchdog permanently disabled
[    0.152176] smp: Bringing up secondary CPUs ...
[    0.153307] x86: Booting SMP configuration:
[    0.154769] .... node  #0, CPUs:      #1
[    0.004000] kvm-clock: cpu 1, msr 0:3ff44041, secondary cpu clock
[    0.160032] smp: Brought up 1 node, 2 CPUs
[    0.161378] smpboot: Max logical packages: 1
[    0.162528] smpboot: Total of 2 processors activated (10368.01 BogoMIPS)
[    0.164347] devtmpfs: initialized
[    0.164765] x86/mm: Memory block size: 128MB
[    0.165820] evm: security.selinux
[    0.168004] evm: security.SMACK64
[    0.168746] evm: security.SMACK64EXEC
[    0.169867] evm: security.SMACK64TRANSMUTE
[    0.171339] evm: security.SMACK64MMAP
[    0.172005] evm: security.apparmor
[    0.172895] evm: security.ima
[    0.173529] evm: security.capability
[    0.174124] clocksource: jiffies: mask: 0xffffffff max_cycles: 0xffffffff, max_idle_ns: 7645041785100000 ns
[    0.176011] futex hash table entries: 512 (order: 3, 32768 bytes)
[    0.180000] pinctrl core: initialized pinctrl subsystem
[    0.184082] RTC time: 14:04:15, date: 12/08/20
[    0.184957] NET: Registered protocol family 16
[    0.185802] audit: initializing netlink subsys (disabled)
[    0.186658] audit: type=2000 audit(1607436260.710:1): state=initialized audit_enabled=0 res=1
[    0.188016] cpuidle: using governor ladder
[    0.189346] cpuidle: using governor menu
[    0.191324] ACPI: bus type PCI registered
[    0.192006] acpiphp: ACPI Hot Plug PCI Controller Driver version: 0.5
[    0.194542] PCI: Using configuration type 1 for base access
[    0.197685] HugeTLB registered 2.00 MiB page size, pre-allocated 0 pages
[    0.200114] ACPI: Added _OSI(Module Device)
[    0.200988] ACPI: Added _OSI(Processor Device)
[    0.201842] ACPI: Added _OSI(3.0 _SCP Extensions)
[    0.202659] ACPI: Added _OSI(Processor Aggregator Device)
[    0.204005] ACPI: Added _OSI(Linux-Dell-Video)
[    0.205035] ACPI: Added _OSI(Linux-Lenovo-NV-HDMI-Audio)
[    0.206324] ACPI: Added _OSI(Linux-HPI-Hybrid-Graphics)
[    0.208390] ACPI: Executed 1 blocks of module-level executable AML code
[    0.214416] ACPI: Interpreter enabled
[    0.215076] ACPI: (supports S0 S5)
[    0.216012] ACPI: Using IOAPIC for interrupt routing
[    0.217079] PCI: Using host bridge windows from ACPI; if necessary, use "pci=nocrs" and report a bug
[    0.218808] ACPI: Enabled 2 GPEs in block 00 to 07
[    0.225789] ACPI: PCI Root Bridge [PCI0] (domain 0000 [bus 00-ff])
[    0.227065] acpi PNP0A03:00: _OSC: OS supports [ASPM ClockPM Segments MSI]
[    0.228000] acpi PNP0A03:00: _OSC: not requesting OS control; OS requires [ExtendedConfig ASPM ClockPM MSI]
[    0.228014] acpi PNP0A03:00: fail to add MMCONFIG information, can't access extended PCI configuration space under this bridge.
[    0.232521] PCI host bridge to bus 0000:00
[    0.233211] pci_bus 0000:00: root bus resource [io  0x0000-0x0cf7 window]
[    0.234302] pci_bus 0000:00: root bus resource [io  0x0d00-0xffff window]
[    0.236005] pci_bus 0000:00: root bus resource [mem 0x000a0000-0x000bffff window]
[    0.237261] pci_bus 0000:00: root bus resource [mem 0x40000000-0xfdffffff window]
[    0.238614] pci_bus 0000:00: root bus resource [bus 00-ff]
[    0.242621] pci 0000:00:01.1: legacy IDE quirk: reg 0x10: [io  0x01f0-0x01f7]
[    0.244003] pci 0000:00:01.1: legacy IDE quirk: reg 0x14: [io  0x03f6]
[    0.246398] pci 0000:00:01.1: legacy IDE quirk: reg 0x18: [io  0x0170-0x0177]
[    0.247416] pci 0000:00:01.1: legacy IDE quirk: reg 0x1c: [io  0x0376]
[    0.262555] pci 0000:00:07.0: quirk: [io  0x4000-0x403f] claimed by PIIX4 ACPI
[    0.264018] pci 0000:00:07.0: quirk: [io  0x4100-0x410f] claimed by PIIX4 SMB
[    0.278912] ACPI: PCI Interrupt Link [LNKA] (IRQs 5 9 10 *11)
[    0.284198] ACPI: PCI Interrupt Link [LNKB] (IRQs 5 9 *10 11)
[    0.285559] ACPI: PCI Interrupt Link [LNKC] (IRQs 5 *9 10 11)
[    0.286654] ACPI: PCI Interrupt Link [LNKD] (IRQs 5 9 10 *11)
[    0.288389] SCSI subsystem initialized
[    0.289527] pci 0000:00:02.0: vgaarb: setting as boot VGA device
[    0.290034] pci 0000:00:02.0: vgaarb: VGA device added: decodes=io+mem,owns=io+mem,locks=none
[    0.292017] pci 0000:00:02.0: vgaarb: bridge control possible
[    0.296002] vgaarb: loaded
[    0.296870] ACPI: bus type USB registered
[    0.297472] usbcore: registered new interface driver usbfs
[    0.298433] usbcore: registered new interface driver hub
[    0.300048] usbcore: registered new device driver usb
[    0.301999] EDAC MC: Ver: 3.0.0
[    0.301999] PCI: Using ACPI for IRQ routing
[    0.304251] NetLabel: Initializing
[    0.304840] NetLabel:  domain hash size = 128
[    0.305620] NetLabel:  protocols = UNLABELED CIPSOv4 CALIPSO
[    0.306529] NetLabel:  unlabeled traffic allowed by default
[    0.307428] clocksource: Switched to clocksource kvm-clock
[    0.325552] VFS: Disk quotas dquot_6.6.0
[    0.326840] VFS: Dquot-cache hash table entries: 512 (order 0, 4096 bytes)
[    0.328719] AppArmor: AppArmor Filesystem Enabled
[    0.329699] pnp: PnP ACPI init
[    0.331608] pnp: PnP ACPI: found 3 devices
[    0.341942] clocksource: acpi_pm: mask: 0xffffff max_cycles: 0xffffff, max_idle_ns: 2085701024 ns
[    0.343493] NET: Registered protocol family 2
[    0.344523] TCP established hash table entries: 8192 (order: 4, 65536 bytes)
[    0.345879] TCP bind hash table entries: 8192 (order: 5, 131072 bytes)
[    0.348322] TCP: Hash tables configured (established 8192 bind 8192)
[    0.352200] UDP hash table entries: 512 (order: 2, 16384 bytes)
[    0.353238] UDP-Lite hash table entries: 512 (order: 2, 16384 bytes)
[    0.354294] NET: Registered protocol family 1
[    0.355051] pci 0000:00:00.0: Limiting direct PCI/PCI transfers
[    0.356068] pci 0000:00:01.0: Activating ISA DMA hang workarounds
[    0.357624] pci 0000:00:02.0: Video device with shadowed ROM at [mem 0x000c0000-0x000dffff]
[    0.359520] Unpacking initramfs...
[    0.748966] Freeing initrd memory: 19224K
[    0.750090] clocksource: tsc: mask: 0xffffffffffffffff max_cycles: 0x255cbae350f, max_idle_ns: 440795327587 ns
[    0.752481] platform rtc_cmos: registered platform RTC device (no PNP device found)
[    0.753727] Scanning for low memory corruption every 60 seconds
[    0.756284] Initialise system trusted keyrings
[    0.757724] Key type blacklist registered
[    0.758945] workingset: timestamp_bits=36 max_order=18 bucket_order=0
[    0.760911] zbud: loaded
[    0.762067] squashfs: version 4.0 (2009/01/31) Phillip Lougher
[    0.763304] fuse init (API version 7.26)
[    0.766127] Key type asymmetric registered
[    0.766752] Asymmetric key parser 'x509' registered
[    0.768184] Block layer SCSI generic (bsg) driver version 0.4 loaded (major 246)
[    0.769417] io scheduler noop registered
[    0.770226] io scheduler deadline registered
[    0.770959] io scheduler cfq registered (default)
[    0.772116] ACPI: AC Adapter [AC] (on-line)
[    0.773142] input: Power Button as /devices/LNXSYSTM:00/LNXPWRBN:00/input/input0
[    0.774352] ACPI: Power Button [PWRF]
[    0.775263] input: Sleep Button as /devices/LNXSYSTM:00/LNXSLPBN:00/input/input1
[    0.776672] ACPI: Sleep Button [SLPF]
[    0.778938] ACPI: Battery Slot [BAT0] (battery present)
[    0.780412] Serial: 8250/16550 driver, 32 ports, IRQ sharing enabled
[    0.802280] 00:02: ttyS0 at I/O 0x3f8 (irq = 4, base_baud = 115200) is a 16550A
[    0.804873] Linux agpgart interface v0.103
[    0.807076] loop: module loaded
[    0.808626] scsi host0: ata_piix
[    0.809411] scsi host1: ata_piix
[    0.809957] ata1: PATA max UDMA/33 cmd 0x1f0 ctl 0x3f6 bmdma 0xd000 irq 14
[    0.810998] ata2: PATA max UDMA/33 cmd 0x170 ctl 0x376 bmdma 0xd008 irq 15
[    0.812767] libphy: Fixed MDIO Bus: probed
[    0.814178] tun: Universal TUN/TAP device driver, 1.6
[    0.815297] PPP generic driver version 2.4.2
[    0.816201] ehci_hcd: USB 2.0 'Enhanced' Host Controller (EHCI) Driver
[    0.817850] ehci-pci: EHCI PCI platform driver
[    0.818839] ehci-platform: EHCI generic platform driver
[    0.819965] ohci_hcd: USB 1.1 'Open' Host Controller (OHCI) Driver
[    0.821133] ohci-pci: OHCI PCI platform driver
[    0.821972] ohci-platform: OHCI generic platform driver
[    0.823293] uhci_hcd: USB Universal Host Controller Interface driver
[    0.824609] i8042: PNP: PS/2 Controller [PNP0303:PS2K,PNP0f03:PS2M] at 0x60,0x64 irq 1,12
[    0.826985] serio: i8042 KBD port at 0x60,0x64 irq 1
[    0.828521] serio: i8042 AUX port at 0x60,0x64 irq 12
[    0.829487] mousedev: PS/2 mouse device common for all mice
[    0.830731] input: AT Translated Set 2 keyboard as /devices/platform/i8042/serio0/input/input2
[    0.832472] rtc_cmos rtc_cmos: rtc core: registered rtc_cmos as rtc0
[    0.833855] rtc_cmos rtc_cmos: alarms up to one day, 114 bytes nvram
[    0.834986] i2c /dev entries driver
[    0.835639] device-mapper: uevent: version 1.0.3
[    0.836506] device-mapper: ioctl: 4.37.0-ioctl (2017-09-20) initialised: dm-devel@redhat.com
[    0.838655] ledtrig-cpu: registered to indicate activity on CPUs
[    0.840893] NET: Registered protocol family 10
[    0.844871] Segment Routing with IPv6
[    0.845659] NET: Registered protocol family 17
[    0.846648] Key type dns_resolver registered
[    0.848412] mce: Using 0 MCE banks
[    0.849272] RAS: Correctable Errors collector initialized.
[    0.850175] sched_clock: Marking stable (848319986, 0)->(1028868438, -180548452)
[    0.851632] registered taskstats version 1
[    0.852505] Loading compiled-in X.509 certificates
[    0.855423] Loaded X.509 cert 'Build time autogenerated kernel key: 517b2180bafe62ad6f81db3336688475b28504c0'
[    0.857896] zswap: loaded using pool lzo/zbud
[    0.861976] Key type big_key registered
[    0.862688] Key type trusted registered
[    0.864962] Key type encrypted registered
[    0.865678] AppArmor: AppArmor sha1 policy hashing enabled
[    0.866626] ima: No TPM chip found, activating TPM-bypass! (rc=-19)
[    0.868093] ima: Allocated hash algorithm: sha1
[    0.868996] evm: HMAC attrs: 0x1
[    0.869881]   Magic number: 0:635:80
[    0.870685] rtc_cmos rtc_cmos: setting system clock to 2020-12-08 14:04:15 UTC (1607436255)
[    0.872131] BIOS EDD facility v0.16 2004-Jun-25, 0 devices found
[    0.873578] EDD information not available.
[    1.037981] Freeing unused kernel image memory: 2436K
[    1.048126] Write protecting the kernel read-only data: 20480k
[    1.050322] Freeing unused kernel image memory: 2008K
[    1.051554] Freeing unused kernel image memory: 1872K
[    1.061443] x86/mm: Checked W+X mappings: passed, no W+X pages found.
Loading, please wait...
starting version 237
[    1.126980] e1000: Intel(R) PRO/1000 Network Driver - version 7.3.21-k8-NAPI
[    1.129311] e1000: Copyright (c) 1999-2006 Intel Corporation.
[    1.134118] Fusion MPT base driver 3.04.20
[    1.135426] Copyright (c) 1999-2008 LSI Corporation
[    1.152198] AVX2 version of gcm_enc/dec engaged.
[    1.153168] AES CTR mode by8 optimization enabled
[    1.157593] Fusion MPT SPI Host driver 3.04.20
[    1.357018] input: ImExPS/2 Generic Explorer Mouse as /devices/platform/i8042/serio1/input/input4
[    1.759351] e1000 0000:00:03.0 eth0: (PCI:33MHz:32-bit) 02:c6:b0:25:69:cb
[    1.761175] e1000 0000:00:03.0 eth0: Intel(R) PRO/1000 Network Connection
[    2.172062] e1000 0000:00:08.0 eth1: (PCI:33MHz:32-bit) 08:00:27:87:47:1d
[    2.174674] e1000 0000:00:08.0 eth1: Intel(R) PRO/1000 Network Connection
[    2.178292] mptbase: ioc0: Initiating bringup
[    2.273773] ioc0: LSI53C1030 A0: Capabilities={Initiator}
[    2.520190] scsi host2: ioc0: LSI53C1030 A0, FwRev=00000000h, Ports=1, MaxQ=256, IRQ=20
[    2.689435] scsi 2:0:0:0: Direct-Access     VBOX     HARDDISK         1.0  PQ: 0 ANSI: 5
[    2.716169] scsi target2:0:0: Beginning Domain Validation
[    2.720988] scsi target2:0:0: Domain Validation skipping write tests
[    2.722814] scsi target2:0:0: Ending Domain Validation
[    2.724238] scsi target2:0:0: asynchronous
[    2.726384] scsi 2:0:1:0: Direct-Access     VBOX     HARDDISK         1.0  PQ: 0 ANSI: 5
[    3.068334] scsi target2:0:1: Beginning Domain Validation
[    3.074812] random: fast init done
[    3.077141] scsi target2:0:1: Domain Validation skipping write tests
[    3.079403] scsi target2:0:1: Ending Domain Validation
[    3.080743] scsi target2:0:1: asynchronous
[    3.093034] random: systemd-udevd: uninitialized urandom read (16 bytes read)
[    3.093121] sd 2:0:0:0: Attached scsi generic sg0 type 0
[    3.095330] random: systemd-udevd: uninitialized urandom read (16 bytes read)
[    3.096690] sd 2:0:1:0: Attached scsi generic sg1 type 0
[    3.098659] sd 2:0:0:0: [sda] 20971520 512-byte logical blocks: (10.7 GB/10.0 GiB)
[    3.102055] sd 2:0:1:0: [sdb] 20480 512-byte logical blocks: (10.5 MB/10.0 MiB)
[    3.103685] sd 2:0:0:0: [sda] Write Protect is off
[    3.104817] sd 2:0:1:0: [sdb] Write Protect is off
[    3.106062] random: systemd-udevd: uninitialized urandom read (16 bytes read)
[    3.108310] sd 2:0:0:0: [sda] Incomplete mode parameter data
[    3.109566] sd 2:0:0:0: [sda] Assuming drive cache: write through
[    3.110894] sd 2:0:1:0: [sdb] Incomplete mode parameter data
[    3.112288] sd 2:0:1:0: [sdb] Assuming drive cache: write through
[    3.116115]  sda: sda1
[    3.118508] sd 2:0:0:0: [sda] Attached SCSI disk
[    3.120225] sd 2:0:1:0: [sdb] Attached SCSI disk
[    3.124054] e1000 0000:00:09.0 eth2: (PCI:33MHz:32-bit) 08:00:27:1e:ef:bf
[    3.126839] e1000 0000:00:09.0 eth2: Intel(R) PRO/1000 Network Connection
[    3.130103] e1000 0000:00:08.0 enp0s8: renamed from eth1
[    3.148717] e1000 0000:00:03.0 enp0s3: renamed from eth0
[    3.166876] e1000 0000:00:09.0 enp0s9: renamed from eth2
Begin: Loading essential drivers ... [    4.744977] raid6: sse2x1   gen()  6940 MB/s
[    4.792544] raid6: sse2x1   xor()  4366 MB/s
[    4.840334] raid6: sse2x2   gen()  8673 MB/s
[    4.888155] raid6: sse2x2   xor()  5577 MB/s
[    4.936047] raid6: sse2x4   gen() 10160 MB/s
[    4.984801] raid6: sse2x4   xor()  5848 MB/s
[    5.032578] raid6: avx2x1   gen() 17080 MB/s
[    5.080464] raid6: avx2x1   xor()  8392 MB/s
[    5.128578] raid6: avx2x2   gen() 16971 MB/s
[    5.176034] raid6: avx2x2   xor() 14680 MB/s
[    5.225608] raid6: avx2x4   gen() 20660 MB/s
[    5.272702] raid6: avx2x4   xor() 12750 MB/s
[    5.274270] raid6: using algorithm avx2x4 gen() 20660 MB/s
[    5.275658] raid6: .... xor() 12750 MB/s, rmw enabled
[    5.276926] raid6: using avx2x2 recovery algorithm
[    5.279403] xor: automatically using best checksumming function   avx       
[    5.282320] async_tx: api initialized (async)
done.
Begin: Running /scripts/init-premount ... done.
Begin: Mounting root file system ... Begin: Running /scripts/local-top ... done.
Begin: Running /scripts/local-premount ... [    5.332303] Btrfs loaded, crc32c=crc32c-intel
Scanning for Btrfs filesystems
done.
Warning: fsck not present, so skipping root file system
[    5.379940] EXT4-fs (sda1): mounted filesystem with ordered data mode. Opts: (null)
done.
Begin: Running /scripts/local-bottom ... done.
Begin: Running /scripts/init-bottom ... done.
[    5.567145] ip_tables: (C) 2000-2006 Netfilter Core Team
[    5.578212] systemd[1]: systemd 237 running in system mode. (+PAM +AUDIT +SELINUX +IMA +APPARMOR +SMACK +SYSVINIT +UTMP +LIBCRYPTSETUP +GCRYPT +GNUTLS +ACL +XZ +LZ4 +SECCOMP +BLKID +ELFUTILS +KMOD -IDN2 +IDN -PCRE2 default-hierarchy=hybrid)
[    5.583218] systemd[1]: Detected virtualization oracle.
[    5.584907] systemd[1]: Detected architecture x86-64.

Welcome to [1mUbuntu 18.04.5 LTS[0m!

[    5.594574] systemd[1]: Set hostname to <ubuntu>.
[    5.599778] systemd[1]: Initializing machine ID from random generator.
[    5.601453] systemd[1]: Installed transient /etc/machine-id file.
[    5.925516] systemd[1]: Set up automount Arbitrary Executable File Formats File System Automount Point.
[[0;32m  OK  [0m] Set up automount Arbitrary Executab…rmats File System Automount Point.
[    6.008556] systemd[1]: Reached target Swap.
[[0;32m  OK  [0m] Reached target Swap.
[    6.011261] systemd[1]: Started Forward Password Requests to Wall Directory Watch.
[[0;32m  OK  [0m] Started Forward Password Requests to Wall Directory Watch.
[    6.014121] systemd[1]: Reached target User and Group Name Lookups.
[[0;32m  OK  [0m] Reached target User and Group Name Lookups.
[[0;32m  OK  [0m] Created slice System Slice.
[[0;32m  OK  [0m] Listening on LVM2 poll daemon socket.
[[0;32m  OK  [0m] Listening on LVM2 metadata daemon socket.
[[0;32m  OK  [0m] Listening on Journal Audit Socket.
[[0;32m  OK  [0m] Listening on Syslog Socket.
[[0;32m  OK  [0m] Listening on /dev/initctl Compatibility Named Pipe.
[[0;32m  OK  [0m] Listening on Journal Socket.
         Mounting Kernel Debug File System...
         Starting Uncomplicated firewall...
         Starting Load Kernel Modules...
         Mounting POSIX Message Queue File System...
         Starting Remount Root and Kernel File Systems...
[[0;32m  OK  [0m] Listening on Device-mapper event daemon FIFOs.
[    6.106152] Loading iSCSI transport class v2.0-870.
         Starting Set the console keyboard layout...
[[0;32m  OK  [0m] Created slice system-serial\x2dgetty.slice.
         Starting Create list of required st…ce nodes for the current kernel...
[[0;32m  OK  [0m] Listening on udev Control Socket.
[[0;32m  OK  [0m] Listening on Network Service Netlink Socket.
[[0;32m  OK  [0m] Created slice User and Session Slice.
[[0;32m  OK  [0m] Reached target Slices.
         Starting Monitoring of LVM2 mirrors…ng dmeventd or progress polling...
[[0;32m  OK  [0m] Reached target System Time Synchronized.
         Mounting Huge Pages File System...
[    6.130022] iscsi: registered transport (tcp)
[[0;32m  OK  [0m] Listening on udev Kernel Socket.
[    6.149592] EXT4-fs (sda1): re-mounted. Opts: (null)
         Starting udev Coldplug all Devices...
[[0;32m  OK  [0m] Listening on Journal Socket (/dev/log).
         Starting Journal Service...
[[0;32m  OK  [0m] Mounted Kernel Debug File System.
[[0;32m  OK  [0m] Started Uncomplicated firewall.
[[0;32m  OK  [0m] Mounted POSIX Message Queue File System.
[[0;32m  OK  [0m] Started Remount Root and Kernel File Systems.
[[0;32m  OK  [0m] Started Create list of required sta…vice nodes for the current kernel.
[[0;32m  OK  [0m] Mounted Huge Pages File System.
[[0;32m  OK  [0m] Started LVM2 metadata daemon.
         Starting Create Static Device Nodes in /dev...
[    6.255795] iscsi: registered transport (iser)
         Starting Load/Save Random Seed...
[[0;32m  OK  [0m] Started Journal Service.
[[0;32m  OK  [0m] Started Load Kernel Modules.
[[0;32m  OK  [0m] Started Monitoring of LVM2 mirrors,…sing dmeventd or progress polling.
[[0;32m  OK  [0m] Started udev Coldplug all Devices.
[[0;32m  OK  [0m] Started Create Static Device Nodes in /dev.
[[0;32m  OK  [0m] Started Load/Save Random Seed.
         Starting udev Kernel Device Manager...
         Starting Apply Kernel Variables...
         Mounting Kernel Configuration File System...
         Mounting FUSE Control File System...
         Starting Flush Journal to Persistent Storage...
[[0;32m  OK  [0m] Mounted Kernel Configuration File System.
[[0;32m  OK  [0m] Mounted FUSE Control File System.
[[0;32m  OK  [0m] Started Apply Kernel Variables.
[[0;32m  OK  [0m] Started Set the console keyboard layout.
[[0;32m  OK  [0m] Reached target Local File Systems (Pre).
[[0;32m  OK  [0m] Reached target Local File Systems.
         Starting AppArmor initialization...
         Starting Commit a transient machine-id on disk...
         Starting Tell Plymouth To Write Out Runtime Data...
         Starting ebtables ruleset management...
         Starting Set console font and keymap...
[[0;32m  OK  [0m] Started Flush Journal to Persistent Storage.
         Starting Create Volatile Files and Directories...
[[0;32m  OK  [0m] Started udev Kernel Device Manager.
[[0;32m  OK  [0m] Started Dispatch Password Requests to Console Directory Watch.
[[0;32m  OK  [0m] Reached target Local Encrypted Volumes.
[[0;32m  OK  [0m] Started Tell Plymouth To Write Out Runtime Data.
[[0;32m  OK  [0m] Started Set console font and keymap.
[[0;32m  OK  [0m] Started Commit a transient machine-id on disk.
[[0;32m  OK  [0m] Started Create Volatile Files and Directories.
         Starting Update UTMP about System Boot/Shutdown...
[[0;32m  OK  [0m] Started Update UTMP about System Boot/Shutdown.
[[0;32m  OK  [0m] Started ebtables ruleset management.
[[0;32m  OK  [0m] Found device /dev/ttyS0.
[[0;32m  OK  [0m] Listening on Load/Save RF Kill Switch Status /dev/rfkill Watch.
[[0;32m  OK  [0m] Started AppArmor initialization.
         Starting Load AppArmor profiles managed internally by snapd...
         Starting Initial cloud-init job (pre-networking)...
[[0;32m  OK  [0m] Started Load AppArmor profiles managed internally by snapd.
[    8.885895] cloud-init[563]: Cloud-init v. 20.3-2-g371b392c-0ubuntu1~18.04.1 running 'init-local' at Tue, 08 Dec 2020 14:04:23 +0000. Up 8.49 seconds.
[[0;32m  OK  [0m] Started Initial cloud-init job (pre-networking).
[[0;32m  OK  [0m] Reached target Network (Pre).
         Starting Network Service...
[[0;32m  OK  [0m] Started Network Service.
         Starting Network Name Resolution...
         Starting Wait for Network to be Configured...
[[0;32m  OK  [0m] Started Network Name Resolution.
[[0;32m  OK  [0m] Reached target Network.
[[0;32m  OK  [0m] Reached target Host and Network Name Lookups.
[[0;32m  OK  [0m] Started Wait for Network to be Configured.
         Starting Initial cloud-init job (metadata service crawler)...
[   10.892122] cloud-init[686]: Cloud-init v. 20.3-2-g371b392c-0ubuntu1~18.04.1 running 'init' at Tue, 08 Dec 2020 14:04:25 +0000. Up 10.69 seconds.
[   10.894437] cloud-init[686]: ci-info: ++++++++++++++++++++++++++++++++++++++Net device info+++++++++++++++++++++++++++++++++++++++
[   10.908337] cloud-init[686]: ci-info: +--------+-------+----------------------------+---------------+--------+-------------------+
[   10.910004] cloud-init[686]: ci-info: | Device |   Up  |          Address           |      Mask     | Scope  |     Hw-Address    |
[   10.911643] cloud-init[686]: ci-info: +--------+-------+----------------------------+---------------+--------+-------------------+
[   10.913503] cloud-init[686]: ci-info: | enp0s3 |  True |         10.0.2.15          | 255.255.255.0 | global | 02:c6:b0:25:69:cb |
[   10.915333] cloud-init[686]: ci-info: | enp0s3 |  True | fe80::c6:b0ff:fe25:69cb/64 |       .       |  link  | 02:c6:b0:25:69:cb |
[   10.917053] cloud-init[686]: ci-info: | enp0s8 | False |             .              |       .       |   .    | 08:00:27:87:47:1d |
[   10.920366] cloud-init[686]: ci-info: | enp0s9 | False |             .              |       .       |   .    | 08:00:27:1e:ef:bf |
[   10.924159] cloud-init[686]: ci-info: |   lo   |  True |         127.0.0.1          |   255.0.0.0   |  host  |         .         |
[   10.926159] cloud-init[686]: ci-info: |   lo   |  True |          ::1/128           |       .       |  host  |         .         |
[   10.927837] cloud-init[686]: ci-info: +--------+-------+----------------------------+---------------+--------+-------------------+
[   10.929971] cloud-init[686]: ci-info: ++++++++++++++++++++++++++++Route IPv4 info+++++++++++++++++++++++++++++
[   10.945067] cloud-init[686]: ci-info: +-------+-------------+----------+-----------------+-----------+-------+
[   10.946603] cloud-init[686]: ci-info: | Route | Destination | Gateway  |     Genmask     | Interface | Flags |
[   10.948145] cloud-init[686]: ci-info: +-------+-------------+----------+-----------------+-----------+-------+
[   10.949707] cloud-init[686]: ci-info: |   0   |   0.0.0.0   | 10.0.2.2 |     0.0.0.0     |   enp0s3  |   UG  |
[   10.951390] cloud-init[686]: ci-info: |   1   |   10.0.2.0  | 0.0.0.0  |  255.255.255.0  |   enp0s3  |   U   |
[   10.964618] cloud-init[686]: ci-info: |   2   |   10.0.2.2  | 0.0.0.0  | 255.255.255.255 |   enp0s3  |   UH  |
[   10.966307] cloud-init[686]: ci-info: +-------+-------------+----------+-----------------+-----------+-------+
[   10.968064] cloud-init[686]: ci-info: +++++++++++++++++++Route IPv6 info+++++++++++++++++++
[   10.969486] cloud-init[686]: ci-info: +-------+-------------+---------+-----------+-------+
[   10.970833] cloud-init[686]: ci-info: | Route | Destination | Gateway | Interface | Flags |
[   10.972161] cloud-init[686]: ci-info: +-------+-------------+---------+-----------+-------+
[   10.973761] cloud-init[686]: ci-info: |   1   |  fe80::/64  |    ::   |   enp0s3  |   U   |
[   10.975076] cloud-init[686]: ci-info: |   3   |    local    |    ::   |   enp0s3  |   U   |
[   10.976307] cloud-init[686]: ci-info: |   4   |   ff00::/8  |    ::   |   enp0s3  |   U   |
[   10.977572] cloud-init[686]: ci-info: +-------+-------------+---------+-----------+-------+
[   11.648025] cloud-init[686]: Generating public/private rsa key pair.
[   11.648894] cloud-init[686]: Your identification has been saved in /etc/ssh/ssh_host_rsa_key.
[   11.649500] cloud-init[686]: Your public key has been saved in /etc/ssh/ssh_host_rsa_key.pub.
[   11.650167] cloud-init[686]: The key fingerprint is:
[   11.660277] cloud-init[686]: SHA256:p0voW28u58o07cMuMDu21Fd1Lmn3DCwdSPwFLoRW04w root@ubuntu-bionic
[   11.661165] cloud-init[686]: The key's randomart image is:
[   11.673037] cloud-init[686]: +---[RSA 2048]----+
[   11.673752] cloud-init[686]: |           +=+.. |
[   11.684724] cloud-init[686]: |          ooE+o .|
[[0;32m  OK  [0m] Started Initial cloud-init job (metadata service crawler).
[   11.701140] cloud-init[686]: |         .  o.+..|
[[0;32m  OK  [0m] Reached target Cloud-config availability.
[   11.713535] [[0;32m  OK  [0m] Reached target System Initialization.
cloud-init[686]: |             =.= |
         Starting LXD - unix socket.
[   11.716567] cloud-init[686]:          Starting Socket activation for snappy daemon.
[[0;32m  OK  [0m] Listening on D-Bus System Message Bus Socket.
|        S . o B o|
[[0;32m  OK  [0m] Started ACPI Events Check.
[[0;32m  OK  [0m] Listening on UUID daemon activation socket.
[[0;32m  OK  [0m] Started Daily Cleanup of Temporary Directories.
[[0;32m  OK  [0m] Started Message of the Day.
[   11.724725] [[0;32m  OK  [0m] Reached target Paths.
[[0;32m  OK  [0m] Started Discard unused blocks once a week.
[[0;32m  OK  [0m] Listening on Open-iSCSI iscsid Socket.
[[0;32m  OK  [0m] Listening on ACPID Listen Socket.
[[0;32m  OK  [0m] Started Daily apt download activities.
[[0;32m  OK  [0m] Started Daily apt upgrade and clean activities.
[[0;32m  OK  [0m] Reached target Timers.
[[0;32m  OK  [0m] Reached target Network is Online.
[[0;32m  OK  [0m] Reached target Remote File Systems (Pre).
[[0;32m  OK  [0m] Reached target Remote File Systems.
         Starting Availability of block devices...
[[0;32m  OK  [0m] Listening on LXD - unix socket.
[[0;32m  OK  [0m] Listening on Socket activation for snappy daemon.
[[0;32m  OK  [0m] Reached target Sockets.
[[0;32m  OK  [0m] Reached target Basic System.
cloud-init[686]: |      oo + . o =.|
[   11.740334] [[0;32m  OK  [0m] Started FUSE filesystem for LXC.
cloud-init[686]:          Starting Pollinate to seed the pseudo random number generator...
[[0;32m  OK  [0m] Started Regular background program processing daemon.
[[0;32m  OK  [0m] Started D-Bus System Message Bus.
|      o+B.o     o|
[   11.752354] cloud-init[686]: |     o+=o*=      |
[   11.753471] cloud-init[686]: |     .+++X*.     |
[   11.755046] cloud-init[686]: +----[SHA256]-----+
[   11.758294] cloud-init[686]: Generating public/private dsa key pair.
[   11.759348] cloud-init[686]: Your identification has been saved in /etc/ssh/ssh_host_dsa_key.
[   11.760891] cloud-init[686]: Your public key has been saved in /etc/ssh/ssh_host_dsa_key.pub.
[   11.762362] cloud-init[686]: The key fingerprint is:
[   11.764096] cloud-init[686]: SHA256:8eVp1MdXV7RpVas5Ypsg7IE8cKVzvcgcVwqkOEqDvP8 root@ubuntu-bionic
[   11.766423] cloud-init[686]: The key's randomart image is:
[   11.767704] cloud-init[686]: +---[DSA 1024]----+
[   11.769731] cloud-init[686]: |      .+   .   .X|
[   11.770501] cloud-init[686]: |o   . + o o  . .B|
[   11.771357] cloud-init[686]: |.+ + = o.+  o .=+|
[   11.772169] cloud-init[686]: |. + = B +o.+ .+..|
[   11.772970] cloud-init[686]: | o   + BSo.o++   |
[   11.773809] cloud-init[686]: |  .   o o o.+ .  |
[   11.774741] cloud-init[686]: |   .   .   o     |
[   11.775755] cloud-init[686]: |    .            |
[   11.776804] cloud-init[686]: |     E           |
[   11.777992] cloud-init[686]: +----[SHA256]-----+
[   11.779166] cloud-init[686]: Generating public/private ecdsa key pair.
[   11.780488] cloud-init[686]: Your identification has been saved in /etc/ssh/ssh_host_ecdsa_key.
[   11.781933] cloud-init[686]: Your public key has been saved in /etc/ssh/ssh_host_ecdsa_key.pub.
[   11.783341] cloud-init[686]: The key fingerprint is:
[   11.784250] cloud-init[686]: SHA256:3+S1iT/GTL8vdbP16qBAzz1tTFDR96SymIuNEK0JWto root@ubuntu-bionic
[   11.785614] cloud-init[686]: The key's randomart image is:
[   11.786462] cloud-init[686]: +---[ECDSA 256]---+
[   11.787140] cloud-init[686]: |              oo |
[   11.800338] cloud-init[686]: |             .  +|
[   11.812659] cloud-init[686]: |       .    .  oo|
[   11.828271] cloud-init[686]: |    o . .   ... .|
[[0;32m  OK  [0m] Started irqbalance daemon.
[   11.847068] cloud-init[686]: |   = . +S  o.oo  |
[   11.850775] cloud-init[686]: |  o E +. +o=.*.++|
[   11.851625] cloud-init[686]: |       ..++.B+*o*|
         Starting LSB: Record successful boot for GRUB...
[[0;32m  OK  [0m] Started Deferred execution scheduler.
[   11.855154] cloud-init[686]: |        o.o. =*.o|
[   11.860894] cloud-init[686]: |          .  o+=+|
[   11.862228] cloud-init[686]: +----[SHA256]-----+
[   11.863960] cloud-init[686]: Generating public/private ed25519 key pair.
[   11.865202] cloud-init[686]: Your identification has been saved in /etc/ssh/ssh_host_ed25519_key.
[   11.866720] cloud-init[686]: Your public key has been saved in /etc/ssh/ssh_host_ed25519_key.pub.
[   11.868226] cloud-init[686]: The key fingerprint is:
[   11.869040] cloud-init[686]: SHA256:nTi07XONH2tANYXaR1rsLix22JQG0kOg3xNwa4XTGyM root@ubuntu-bionic
[   11.870454] cloud-init[686]: The key's randomart image is:
[   11.871466] cloud-init[686]: +--[ED25519 256]--+
[   11.872280] cloud-init[686]: |          o+oo.+.|
[   11.873061] cloud-init[686]: |         ..oEoB +|
[   11.873849] cloud-init[686]: |        o  .+O @ |
[   11.874618] cloud-init[686]: |       . * +o.B o|
[   11.875425] cloud-init[686]: |        S =.o* o |
[   11.876168] cloud-init[686]: |         o  =+= .|
         Starting Snap Daemon...
[   11.881328] cloud-init[686]: |          o.o+o. |
         Starting Login Service...
         Starting Permit User Sessions...
         Starting LSB: automatic crash report generation...
         Starting Virtualbox guest utils...
[   11.886037] cloud-init[686]: |           o ..o |
         Starting System Logging Service...
         Starting Accounts Service...
[   11.911080] cloud-init[686]: |             .o  |
[   11.912775] cloud-init[686]: +----[SHA256]-----+
         Starting Dispatcher daemon for systemd-networkd...
         Starting LXD - container startup/shutdown...
[[0;32m  OK  [0m] Started System Logging Service.
[[0;32m  OK  [0m] Started Availability of block devices.
[[0;32m  OK  [0m] Started Permit User Sessions.
[[0;32m  OK  [0m] Started Login Service.
[[0;32m  OK  [0m] Started Unattended Upgrades Shutdown.
         Starting Hold until boot process finishes up...
         Starting Terminate Plymouth Boot Screen...
[[0;32m  OK  [0m] Started Hold until boot process finishes up.
[[0;32m  OK  [0m] Started Serial Getty on ttyS0.
         Starting Set console scheme...
[[0;32m  OK  [0m] Started Terminate Plymouth Boot Screen.
[[0;32m  OK  [0m] Started Set console scheme.
[[0;32m  OK  [0m] Created slice system-getty.slice.
[[0;32m  OK  [0m] Started Getty on tty1.
[[0;32m  OK  [0m] Reached target Login Prompts.
[[0;32m  OK  [0m] Started LSB: automatic crash report generation.
[[0;32m  OK  [0m] Started LSB: Record successful boot for GRUB.
         Starting Authorization Manager...
[[0;32m  OK  [0m] Started Authorization Manager.
[[0;32m  OK  [0m] Started Accounts Service.
[[0;32m  OK  [0m] Started Virtualbox guest utils.
[[0;32m  OK  [0m] Started LXD - container startup/shutdown.
[[0;32m  OK  [0m] Started Dispatcher daemon for systemd-networkd.
[[0;32m  OK  [0m] Started Snap Daemon.
         Starting Wait until snapd is fully seeded...
[[0;32m  OK  [0m] Started Pollinate to seed the pseudo random number generator.
         Starting OpenBSD Secure Shell server...
[[0;32m  OK  [0m] Started OpenBSD Secure Shell server.
[[0;32m  OK  [0m] Created slice User Slice of vagrant.
         Starting User Manager for UID 1000...
[[0;32m  OK  [0m] Started Session 1 of user vagrant.
[[0;32m  OK  [0m] Started User Manager for UID 1000.
[[0;32m  OK  [0m] Started Wait until snapd is fully seeded.
         Starting Apply the settings specified in cloud-config...
[[0;32m  OK  [0m] Reached target Multi-User System.
[[0;32m  OK  [0m] Reached target Graphical Interface.
         Starting Update UTMP about System Runlevel Changes...
[[0;32m  OK  [0m] Started Update UTMP about System Runlevel Changes.
[   16.451261] cloud-init[1217]: Cloud-init v. 20.3-2-g371b392c-0ubuntu1~18.04.1 running 'modules:config' at Tue, 08 Dec 2020 14:04:30 +0000. Up 15.82 seconds.
[[0;32m  OK  [0m] Started Apply the settings specified in cloud-config.
         Starting Execute cloud user/final scripts...
ci-info: no authorized SSH keys fingerprints found for user ubuntu.
<14>Dec  8 14:04:31 ec2: 
<14>Dec  8 14:04:31 ec2: #############################################################
<14>Dec  8 14:04:31 ec2: -----BEGIN SSH HOST KEY FINGERPRINTS-----
<14>Dec  8 14:04:31 ec2: 1024 SHA256:8eVp1MdXV7RpVas5Ypsg7IE8cKVzvcgcVwqkOEqDvP8 root@ubuntu-bionic (DSA)
<14>Dec  8 14:04:31 ec2: 256 SHA256:3+S1iT/GTL8vdbP16qBAzz1tTFDR96SymIuNEK0JWto root@ubuntu-bionic (ECDSA)
<14>Dec  8 14:04:31 ec2: 256 SHA256:nTi07XONH2tANYXaR1rsLix22JQG0kOg3xNwa4XTGyM root@ubuntu-bionic (ED25519)
<14>Dec  8 14:04:31 ec2: 2048 SHA256:p0voW28u58o07cMuMDu21Fd1Lmn3DCwdSPwFLoRW04w root@ubuntu-bionic (RSA)
<14>Dec  8 14:04:31 ec2: -----END SSH HOST KEY FINGERPRINTS-----
<14>Dec  8 14:04:31 ec2: #############################################################
-----BEGIN SSH HOST KEY KEYS-----
ecdsa-sha2-nistp256 AAAAE2VjZHNhLXNoYTItbmlzdHAyNTYAAAAIbmlzdHAyNTYAAABBBMCChVwGCUDtdtvsh79tFJ6eOwNrxJ8mY2ZJd4MgRXEatzs0XaoUm75LhuvktpZS2eFE82Boi+/fYZw1OBku52k= root@ubuntu-bionic
ssh-ed25519 AAAAC3NzaC1lZDI1NTE5AAAAIIq7cPhlyTpzFQUV8QSvx9fZ6dQB7sqeKU30DxcOj5Bo root@ubuntu-bionic
ssh-rsa AAAAB3NzaC1yc2EAAAADAQABAAABAQDnsvkFvqnoTyFgRvL8HMVrCxJ3qZCQ9G34xkloAsUDw6RwrhXIupGgzFbzEAJIxyiGvaAM0owF3HHGeD7tSB6TMzyx0wdnHGDmR+CJmp1giNNiVFzl8U4UMEWSQrjkSD0bn9BlKAnu7f3KTYtxihIEyKYa3tOpxav/qaXzDr911siME1IcT2076o3hxSDR0dbvbqNfBVMOHFshAvM5oaKzWPuJECquHkd+ziDKudHgXeQdXR7OtcJmlz2tXNHU+9xScejEoCpsieHunO12oT7L087hf/cxG2rhMjusI8X1AvXYzXIZMTUMHzSavubjkc1TR9/Hw2/z/k2lnBgNzqqR root@ubuntu-bionic
-----END SSH HOST KEY KEYS-----
[   17.094911] cloud-init[1334]: Cloud-init v. 20.3-2-g371b392c-0ubuntu1~18.04.1 running 'modules:final' at Tue, 08 Dec 2020 14:04:31 +0000. Up 16.90 seconds.
[   17.097089] cloud-init[1334]: ci-info: no authorized SSH keys fingerprints found for user ubuntu.
[   17.098476] cloud-init[1334]: Cloud-init v. 20.3-2-g371b392c-0ubuntu1~18.04.1 finished at Tue, 08 Dec 2020 14:04:31 +0000. Datasource DataSourceNoCloud [seed=/dev/sdb][dsmode=net].  Up 17.08 seconds

Ubuntu 18.04.5 LTS ubuntu-bionic ttyS0

ubuntu-bionic login: 