[    0.000000] Linux version 4.15.0-121-generic (buildd@lgw01-amd64-034) (gcc version 7.5.0 (Ubuntu 7.5.0-3ubuntu1~18.04)) #123-Ubuntu SMP Mon Oct 5 16:16:40 UTC 2020 (Ubuntu 4.15.0-121.123-generic 4.15.18)
[    0.000000] Command line: BOOT_IMAGE=/boot/vmlinuz-4.15.0-121-generic root=LABEL=cloudimg-rootfs ro console=tty1 console=ttyS0
[    0.000000] KERNEL supported cpus:
[    0.000000]   Intel GenuineIntel
[    0.000000]   AMD AuthenticAMD
[    0.000000]   Centaur CentaurHauls
[    0.000000] x86/fpu: Supporting XSAVE feature 0x001: 'x87 floating point registers'
[    0.000000] x86/fpu: Supporting XSAVE feature 0x002: 'SSE registers'
[    0.000000] x86/fpu: Supporting XSAVE feature 0x004: 'AVX registers'
[    0.000000] x86/fpu: xstate_offset[2]:  576, xstate_sizes[2]:  256
[    0.000000] x86/fpu: Enabled xstate features 0x7, context size is 832 bytes, using 'standard' format.
[    0.000000] e820: BIOS-provided physical RAM map:
[    0.000000] BIOS-e820: [mem 0x0000000000000000-0x000000000009fbff] usable
[    0.000000] BIOS-e820: [mem 0x000000000009fc00-0x000000000009ffff] reserved
[    0.000000] BIOS-e820: [mem 0x00000000000f0000-0x00000000000fffff] reserved
[    0.000000] BIOS-e820: [mem 0x0000000000100000-0x000000003ffeffff] usable
[    0.000000] BIOS-e820: [mem 0x000000003fff0000-0x000000003fffffff] ACPI data
[    0.000000] BIOS-e820: [mem 0x00000000fec00000-0x00000000fec00fff] reserved
[    0.000000] BIOS-e820: [mem 0x00000000fee00000-0x00000000fee00fff] reserved
[    0.000000] BIOS-e820: [mem 0x00000000fffc0000-0x00000000ffffffff] reserved
[    0.000000] NX (Execute Disable) protection: active
[    0.000000] SMBIOS 2.5 present.
[    0.000000] DMI: innotek GmbH VirtualBox/VirtualBox, BIOS VirtualBox 12/01/2006
[    0.000000] Hypervisor detected: KVM
[    0.000000] e820: last_pfn = 0x3fff0 max_arch_pfn = 0x400000000
[    0.000000] MTRR: Disabled
[    0.000000] x86/PAT: MTRRs disabled, skipping PAT initialization too.
[    0.000000] CPU MTRRs all blank - virtualized system.
[    0.000000] x86/PAT: Configuration [0-7]: WB  WT  UC- UC  WB  WT  UC- UC  
[    0.000000] found SMP MP-table at [mem 0x0009fff0-0x0009ffff]
[    0.000000] Scanning 1 areas for low memory corruption
[    0.000000] RAMDISK: [mem 0x35a63000-0x36d28fff]
[    0.000000] ACPI: Early table checksum verification disabled
[    0.000000] ACPI: RSDP 0x00000000000E0000 000024 (v02 VBOX  )
[    0.000000] ACPI: XSDT 0x000000003FFF0030 00003C (v01 VBOX   VBOXXSDT 00000001 ASL  00000061)
[    0.000000] ACPI: FACP 0x000000003FFF00F0 0000F4 (v04 VBOX   VBOXFACP 00000001 ASL  00000061)
[    0.000000] ACPI: DSDT 0x000000003FFF0470 002325 (v02 VBOX   VBOXBIOS 00000002 INTL 20100528)
[    0.000000] ACPI: FACS 0x000000003FFF0200 000040
[    0.000000] ACPI: FACS 0x000000003FFF0200 000040
[    0.000000] ACPI: APIC 0x000000003FFF0240 00005C (v02 VBOX   VBOXAPIC 00000001 ASL  00000061)
[    0.000000] ACPI: SSDT 0x000000003FFF02A0 0001CC (v01 VBOX   VBOXCPUT 00000002 INTL 20100528)
[    0.000000] No NUMA configuration found
[    0.000000] Faking a node at [mem 0x0000000000000000-0x000000003ffeffff]
[    0.000000] NODE_DATA(0) allocated [mem 0x3ffc5000-0x3ffeffff]
[    0.000000] kvm-clock: cpu 0, msr 0:3ff44001, primary cpu clock
[    0.000000] kvm-clock: Using msrs 4b564d01 and 4b564d00
[    0.000000] kvm-clock: using sched offset of 3720196185 cycles
[    0.000000] clocksource: kvm-clock: mask: 0xffffffffffffffff max_cycles: 0x1cd42e4dffb, max_idle_ns: 881590591483 ns
[    0.000000] Zone ranges:
[    0.000000]   DMA      [mem 0x0000000000001000-0x0000000000ffffff]
[    0.000000]   DMA32    [mem 0x0000000001000000-0x000000003ffeffff]
[    0.000000]   Normal   empty
[    0.000000]   Device   empty
[    0.000000] Movable zone start for each node
[    0.000000] Early memory node ranges
[    0.000000]   node   0: [mem 0x0000000000001000-0x000000000009efff]
[    0.000000]   node   0: [mem 0x0000000000100000-0x000000003ffeffff]
[    0.000000] Reserved but unavailable: 98 pages
[    0.000000] Initmem setup node 0 [mem 0x0000000000001000-0x000000003ffeffff]
[    0.000000] ACPI: PM-Timer IO Port: 0x4008
[    0.000000] IOAPIC[0]: apic_id 2, version 32, address 0xfec00000, GSI 0-23
[    0.000000] ACPI: INT_SRC_OVR (bus 0 bus_irq 0 global_irq 2 dfl dfl)
[    0.000000] ACPI: INT_SRC_OVR (bus 0 bus_irq 9 global_irq 9 low level)
[    0.000000] Using ACPI (MADT) for SMP configuration information
[    0.000000] smpboot: Allowing 2 CPUs, 0 hotplug CPUs
[    0.000000] PM: Registered nosave memory: [mem 0x00000000-0x00000fff]
[    0.000000] PM: Registered nosave memory: [mem 0x0009f000-0x0009ffff]
[    0.000000] PM: Registered nosave memory: [mem 0x000a0000-0x000effff]
[    0.000000] PM: Registered nosave memory: [mem 0x000f0000-0x000fffff]
[    0.000000] e820: [mem 0x40000000-0xfebfffff] available for PCI devices
[    0.000000] Booting paravirtualized kernel on KVM
[    0.000000] clocksource: refined-jiffies: mask: 0xffffffff max_cycles: 0xffffffff, max_idle_ns: 7645519600211568 ns
[    0.000000] random: get_random_bytes called from start_kernel+0x99/0x500 with crng_init=0
[    0.000000] setup_percpu: NR_CPUS:8192 nr_cpumask_bits:2 nr_cpu_ids:2 nr_node_ids:1
[    0.000000] percpu: Embedded 45 pages/cpu s147456 r8192 d28672 u1048576
[    0.000000] PV qspinlock hash table entries: 256 (order: 0, 4096 bytes)
[    0.000000] Built 1 zonelists, mobility grouping on.  Total pages: 257913
[    0.000000] Policy zone: DMA32
[    0.000000] Kernel command line: BOOT_IMAGE=/boot/vmlinuz-4.15.0-121-generic root=LABEL=cloudimg-rootfs ro console=tty1 console=ttyS0
[    0.000000] Memory: 983024K/1048120K available (12300K kernel code, 2482K rwdata, 4272K rodata, 2436K init, 2724K bss, 65096K reserved, 0K cma-reserved)
[    0.000000] SLUB: HWalign=64, Order=0-3, MinObjects=0, CPUs=2, Nodes=1
[    0.000000] ftrace: allocating 39402 entries in 154 pages
[    0.004000] Hierarchical RCU implementation.
[    0.004000] 	RCU restricting CPUs from NR_CPUS=8192 to nr_cpu_ids=2.
[    0.004000] 	Tasks RCU enabled.
[    0.004000] RCU: Adjusting geometry for rcu_fanout_leaf=16, nr_cpu_ids=2
[    0.004000] NR_IRQS: 524544, nr_irqs: 440, preallocated irqs: 16
[    0.004000] Console: colour VGA+ 80x25
[    0.004000] console [tty1] enabled
[    0.004000] console [ttyS0] enabled
[    0.004000] ACPI: Core revision 20170831
[    0.004000] ACPI: 2 ACPI AML tables successfully acquired and loaded
[    0.004000] APIC: Switch to symmetric I/O mode setup
[    0.004000] x2apic enabled
[    0.004000] Switched APIC routing to physical x2apic.
[    0.004000] ..TIMER: vector=0x30 apic1=0 pin1=2 apic2=-1 pin2=-1
[    0.004004] tsc: Detected 2592.004 MHz processor
[    0.004831] Calibrating delay loop (skipped) preset value.. 5184.00 BogoMIPS (lpj=10368016)
[    0.005523] pid_max: default: 32768 minimum: 301
[    0.008026] Security Framework initialized
[    0.008780] Yama: becoming mindful.
[    0.009453] AppArmor: AppArmor initialized
[    0.012000] Dentry cache hash table entries: 131072 (order: 8, 1048576 bytes)
[    0.012044] Inode-cache hash table entries: 65536 (order: 7, 524288 bytes)
[    0.016011] Mount-cache hash table entries: 2048 (order: 2, 16384 bytes)
[    0.017137] Mountpoint-cache hash table entries: 2048 (order: 2, 16384 bytes)
[    0.018697] Last level iTLB entries: 4KB 64, 2MB 8, 4MB 8
[    0.019496] Last level dTLB entries: 4KB 64, 2MB 0, 4MB 0, 1GB 4
[    0.020006] Spectre V1 : Mitigation: usercopy/swapgs barriers and __user pointer sanitization
[    0.021937] Spectre V2 : Mitigation: Full generic retpoline
[    0.024024] Spectre V2 : Spectre v2 / SpectreRSB mitigation: Filling RSB on context switch
[    0.025404] Speculative Store Bypass: Vulnerable
[    0.026370] Freeing SMP alternatives memory: 36K
[    0.137229] smpboot: CPU0: Intel(R) Core(TM) i7-10750H CPU @ 2.60GHz (family: 0x6, model: 0xa5, stepping: 0x2)
[    0.139715] Performance Events: unsupported p6 CPU model 165 no PMU driver, software events only.
[    0.140032] Hierarchical SRCU implementation.
[    0.141305] NMI watchdog: Perf event create on CPU 0 failed with -2
[    0.142330] NMI watchdog: Perf NMI watchdog permanently disabled
[    0.143244] smp: Bringing up secondary CPUs ...
[    0.144068] x86: Booting SMP configuration:
[    0.145522] .... node  #0, CPUs:      #1
[    0.004000] kvm-clock: cpu 1, msr 0:3ff44041, secondary cpu clock
[    0.151033] smp: Brought up 1 node, 2 CPUs
[    0.151033] smpboot: Max logical packages: 1
[    0.152004] smpboot: Total of 2 processors activated (10368.01 BogoMIPS)
[    0.153494] devtmpfs: initialized
[    0.153494] x86/mm: Memory block size: 128MB
[    0.153685] evm: security.selinux
[    0.156018] evm: security.SMACK64
[    0.156580] evm: security.SMACK64EXEC
[    0.157291] evm: security.SMACK64TRANSMUTE
[    0.158097] evm: security.SMACK64MMAP
[    0.158843] evm: security.apparmor
[    0.160003] evm: security.ima
[    0.160629] evm: security.capability
[    0.161462] clocksource: jiffies: mask: 0xffffffff max_cycles: 0xffffffff, max_idle_ns: 7645041785100000 ns
[    0.161947] futex hash table entries: 512 (order: 3, 32768 bytes)
[    0.167586] pinctrl core: initialized pinctrl subsystem
[    0.168135] RTC time: 15:32:52, date: 12/08/20
[    0.169053] NET: Registered protocol family 16
[    0.169972] audit: initializing netlink subsys (disabled)
[    0.172031] audit: type=2000 audit(1607441576.749:1): state=initialized audit_enabled=0 res=1
[    0.173800] cpuidle: using governor ladder
[    0.176035] cpuidle: using governor menu
[    0.176870] ACPI: bus type PCI registered
[    0.177549] acpiphp: ACPI Hot Plug PCI Controller Driver version: 0.5
[    0.179061] PCI: Using configuration type 1 for base access
[    0.181006] HugeTLB registered 2.00 MiB page size, pre-allocated 0 pages
[    0.184110] ACPI: Added _OSI(Module Device)
[    0.184793] ACPI: Added _OSI(Processor Device)
[    0.185612] ACPI: Added _OSI(3.0 _SCP Extensions)
[    0.186723] ACPI: Added _OSI(Processor Aggregator Device)
[    0.187707] ACPI: Added _OSI(Linux-Dell-Video)
[    0.188004] ACPI: Added _OSI(Linux-Lenovo-NV-HDMI-Audio)
[    0.188895] ACPI: Added _OSI(Linux-HPI-Hybrid-Graphics)
[    0.190001] ACPI: Executed 1 blocks of module-level executable AML code
[    0.195183] ACPI: Interpreter enabled
[    0.196013] ACPI: (supports S0 S5)
[    0.196707] ACPI: Using IOAPIC for interrupt routing
[    0.197817] PCI: Using host bridge windows from ACPI; if necessary, use "pci=nocrs" and report a bug
[    0.200000] ACPI: Enabled 2 GPEs in block 00 to 07
[    0.207333] ACPI: PCI Root Bridge [PCI0] (domain 0000 [bus 00-ff])
[    0.208008] acpi PNP0A03:00: _OSC: OS supports [ASPM ClockPM Segments MSI]
[    0.209712] acpi PNP0A03:00: _OSC: not requesting OS control; OS requires [ExtendedConfig ASPM ClockPM MSI]
[    0.212011] acpi PNP0A03:00: fail to add MMCONFIG information, can't access extended PCI configuration space under this bridge.
[    0.214290] PCI host bridge to bus 0000:00
[    0.215078] pci_bus 0000:00: root bus resource [io  0x0000-0x0cf7 window]
[    0.216005] pci_bus 0000:00: root bus resource [io  0x0d00-0xffff window]
[    0.217240] pci_bus 0000:00: root bus resource [mem 0x000a0000-0x000bffff window]
[    0.218816] pci_bus 0000:00: root bus resource [mem 0x40000000-0xfdffffff window]
[    0.220004] pci_bus 0000:00: root bus resource [bus 00-ff]
[    0.224275] pci 0000:00:01.1: legacy IDE quirk: reg 0x10: [io  0x01f0-0x01f7]
[    0.225366] pci 0000:00:01.1: legacy IDE quirk: reg 0x14: [io  0x03f6]
[    0.226547] pci 0000:00:01.1: legacy IDE quirk: reg 0x18: [io  0x0170-0x0177]
[    0.227718] pci 0000:00:01.1: legacy IDE quirk: reg 0x1c: [io  0x0376]
[    0.245766] pci 0000:00:07.0: quirk: [io  0x4000-0x403f] claimed by PIIX4 ACPI
[    0.248018] pci 0000:00:07.0: quirk: [io  0x4100-0x410f] claimed by PIIX4 SMB
[    0.259537] ACPI: PCI Interrupt Link [LNKA] (IRQs 5 9 10 *11)
[    0.260310] ACPI: PCI Interrupt Link [LNKB] (IRQs 5 9 *10 11)
[    0.261652] ACPI: PCI Interrupt Link [LNKC] (IRQs 5 *9 10 11)
[    0.263022] ACPI: PCI Interrupt Link [LNKD] (IRQs 5 9 10 *11)
[    0.264477] SCSI subsystem initialized
[    0.265219] pci 0000:00:02.0: vgaarb: setting as boot VGA device
[    0.265219] pci 0000:00:02.0: vgaarb: VGA device added: decodes=io+mem,owns=io+mem,locks=none
[    0.268036] pci 0000:00:02.0: vgaarb: bridge control possible
[    0.269293] vgaarb: loaded
[    0.269933] ACPI: bus type USB registered
[    0.272035] usbcore: registered new interface driver usbfs
[    0.273064] usbcore: registered new interface driver hub
[    0.274053] usbcore: registered new device driver usb
[    0.275059] EDAC MC: Ver: 3.0.0
[    0.276282] PCI: Using ACPI for IRQ routing
[    0.276915] NetLabel: Initializing
[    0.277499] NetLabel:  domain hash size = 128
[    0.278323] NetLabel:  protocols = UNLABELED CIPSOv4 CALIPSO
[    0.280015] NetLabel:  unlabeled traffic allowed by default
[    0.280778] clocksource: Switched to clocksource kvm-clock
[    0.298852] VFS: Disk quotas dquot_6.6.0
[    0.300008] VFS: Dquot-cache hash table entries: 512 (order 0, 4096 bytes)
[    0.302127] AppArmor: AppArmor Filesystem Enabled
[    0.303154] pnp: PnP ACPI init
[    0.304782] pnp: PnP ACPI: found 3 devices
[    0.316791] clocksource: acpi_pm: mask: 0xffffff max_cycles: 0xffffff, max_idle_ns: 2085701024 ns
[    0.319713] NET: Registered protocol family 2
[    0.320792] TCP established hash table entries: 8192 (order: 4, 65536 bytes)
[    0.322101] TCP bind hash table entries: 8192 (order: 5, 131072 bytes)
[    0.324552] TCP: Hash tables configured (established 8192 bind 8192)
[    0.327393] UDP hash table entries: 512 (order: 2, 16384 bytes)
[    0.328486] UDP-Lite hash table entries: 512 (order: 2, 16384 bytes)
[    0.329310] NET: Registered protocol family 1
[    0.330797] pci 0000:00:00.0: Limiting direct PCI/PCI transfers
[    0.331822] pci 0000:00:01.0: Activating ISA DMA hang workarounds
[    0.332837] pci 0000:00:02.0: Video device with shadowed ROM at [mem 0x000c0000-0x000dffff]
[    0.334323] Unpacking initramfs...
[    0.687928] Freeing initrd memory: 19224K
[    0.688976] clocksource: tsc: mask: 0xffffffffffffffff max_cycles: 0x255cbae350f, max_idle_ns: 440795327587 ns
[    0.691373] platform rtc_cmos: registered platform RTC device (no PNP device found)
[    0.692895] Scanning for low memory corruption every 60 seconds
[    0.695469] Initialise system trusted keyrings
[    0.696515] Key type blacklist registered
[    0.697640] workingset: timestamp_bits=36 max_order=18 bucket_order=0
[    0.699591] zbud: loaded
[    0.700759] squashfs: version 4.0 (2009/01/31) Phillip Lougher
[    0.702061] fuse init (API version 7.26)
[    0.705566] Key type asymmetric registered
[    0.706334] Asymmetric key parser 'x509' registered
[    0.707589] Block layer SCSI generic (bsg) driver version 0.4 loaded (major 246)
[    0.709062] io scheduler noop registered
[    0.709645] io scheduler deadline registered
[    0.710454] io scheduler cfq registered (default)
[    0.711517] ACPI: AC Adapter [AC] (on-line)
[    0.712291] input: Power Button as /devices/LNXSYSTM:00/LNXPWRBN:00/input/input0
[    0.713478] ACPI: Power Button [PWRF]
[    0.714168] input: Sleep Button as /devices/LNXSYSTM:00/LNXSLPBN:00/input/input1
[    0.715674] ACPI: Sleep Button [SLPF]
[    0.717437] ACPI: Battery Slot [BAT0] (battery present)
[    0.718849] Serial: 8250/16550 driver, 32 ports, IRQ sharing enabled
[    0.740870] 00:02: ttyS0 at I/O 0x3f8 (irq = 4, base_baud = 115200) is a 16550A
[    0.746504] Linux agpgart interface v0.103
[    0.749387] loop: module loaded
[    0.750614] scsi host0: ata_piix
[    0.751399] scsi host1: ata_piix
[    0.752073] ata1: PATA max UDMA/33 cmd 0x1f0 ctl 0x3f6 bmdma 0xd000 irq 14
[    0.753388] ata2: PATA max UDMA/33 cmd 0x170 ctl 0x376 bmdma 0xd008 irq 15
[    0.754791] libphy: Fixed MDIO Bus: probed
[    0.755636] tun: Universal TUN/TAP device driver, 1.6
[    0.756649] PPP generic driver version 2.4.2
[    0.757591] ehci_hcd: USB 2.0 'Enhanced' Host Controller (EHCI) Driver
[    0.758532] ehci-pci: EHCI PCI platform driver
[    0.759178] ehci-platform: EHCI generic platform driver
[    0.759858] ohci_hcd: USB 1.1 'Open' Host Controller (OHCI) Driver
[    0.760903] ohci-pci: OHCI PCI platform driver
[    0.761590] ohci-platform: OHCI generic platform driver
[    0.762317] uhci_hcd: USB Universal Host Controller Interface driver
[    0.763200] i8042: PNP: PS/2 Controller [PNP0303:PS2K,PNP0f03:PS2M] at 0x60,0x64 irq 1,12
[    0.765311] serio: i8042 KBD port at 0x60,0x64 irq 1
[    0.766141] serio: i8042 AUX port at 0x60,0x64 irq 12
[    0.767344] mousedev: PS/2 mouse device common for all mice
[    0.769359] input: AT Translated Set 2 keyboard as /devices/platform/i8042/serio0/input/input2
[    0.770716] rtc_cmos rtc_cmos: rtc core: registered rtc_cmos as rtc0
[    0.771816] rtc_cmos rtc_cmos: alarms up to one day, 114 bytes nvram
[    0.772679] i2c /dev entries driver
[    0.773322] device-mapper: uevent: version 1.0.3
[    0.774089] device-mapper: ioctl: 4.37.0-ioctl (2017-09-20) initialised: dm-devel@redhat.com
[    0.775434] ledtrig-cpu: registered to indicate activity on CPUs
[    0.776980] NET: Registered protocol family 10
[    0.781653] Segment Routing with IPv6
[    0.782272] NET: Registered protocol family 17
[    0.783773] Key type dns_resolver registered
[    0.785763] mce: Using 0 MCE banks
[    0.786552] RAS: Correctable Errors collector initialized.
[    0.787734] sched_clock: Marking stable (785734428, 0)->(941363763, -155629335)
[    0.789651] registered taskstats version 1
[    0.790475] Loading compiled-in X.509 certificates
[    0.793389] Loaded X.509 cert 'Build time autogenerated kernel key: 517b2180bafe62ad6f81db3336688475b28504c0'
[    0.794881] zswap: loaded using pool lzo/zbud
[    0.800174] Key type big_key registered
[    0.800855] Key type trusted registered
[    0.803808] Key type encrypted registered
[    0.804510] AppArmor: AppArmor sha1 policy hashing enabled
[    0.805455] ima: No TPM chip found, activating TPM-bypass! (rc=-19)
[    0.806359] ima: Allocated hash algorithm: sha1
[    0.807070] evm: HMAC attrs: 0x1
[    0.808062]   Magic number: 0:706:537
[    0.808581] tty ttyS17: hash matches
[    0.809247] rtc_cmos rtc_cmos: setting system clock to 2020-12-08 15:32:52 UTC (1607441572)
[    0.811092] BIOS EDD facility v0.16 2004-Jun-25, 0 devices found
[    0.812334] EDD information not available.
[    0.941091] Freeing unused kernel image memory: 2436K
[    0.955582] Write protecting the kernel read-only data: 20480k
[    0.958061] Freeing unused kernel image memory: 2008K
[    0.959993] Freeing unused kernel image memory: 1872K
[    0.968247] x86/mm: Checked W+X mappings: passed, no W+X pages found.
Loading, please wait...
starting version 237
[    1.033607] e1000: Intel(R) PRO/1000 Network Driver - version 7.3.21-k8-NAPI
[    1.035796] e1000: Copyright (c) 1999-2006 Intel Corporation.
[    1.038193] Fusion MPT base driver 3.04.20
[    1.039419] Copyright (c) 1999-2008 LSI Corporation
[    1.055815] AVX2 version of gcm_enc/dec engaged.
[    1.057364] AES CTR mode by8 optimization enabled
[    1.066276] Fusion MPT SPI Host driver 3.04.20
[    1.251139] input: ImExPS/2 Generic Explorer Mouse as /devices/platform/i8042/serio1/input/input4
[    1.713377] e1000 0000:00:03.0 eth0: (PCI:33MHz:32-bit) 02:c6:b0:25:69:cb
[    1.715658] e1000 0000:00:03.0 eth0: Intel(R) PRO/1000 Network Connection
[    2.746537] e1000 0000:00:08.0 eth1: (PCI:33MHz:32-bit) 08:00:27:78:13:c1
[    2.748532] e1000 0000:00:08.0 eth1: Intel(R) PRO/1000 Network Connection
[    2.751210] e1000 0000:00:03.0 enp0s3: renamed from eth0
[    2.756189] mptbase: ioc0: Initiating bringup
[    2.765846] e1000 0000:00:08.0 enp0s8: renamed from eth1
[    3.711139] ioc0: LSI53C1030 A0: Capabilities={Initiator}
[    7.190187] scsi host2: ioc0: LSI53C1030 A0, FwRev=00000000h, Ports=1, MaxQ=256, IRQ=20
[   10.115754] scsi 2:0:0:0: Direct-Access     VBOX     HARDDISK         1.0  PQ: 0 ANSI: 5
[   11.028580] scsi target2:0:0: Beginning Domain Validation
[   11.037404] scsi target2:0:0: Domain Validation skipping write tests
[   11.041299] scsi target2:0:0: Ending Domain Validation
[   11.044456] scsi target2:0:0: asynchronous
[   11.045785] scsi 2:0:1:0: Direct-Access     VBOX     HARDDISK         1.0  PQ: 0 ANSI: 5
[   12.053836] scsi target2:0:1: Beginning Domain Validation
[   12.059098] random: fast init done
[   12.060608] scsi target2:0:1: Domain Validation skipping write tests
[   12.061630] scsi target2:0:1: Ending Domain Validation
[   12.062423] scsi target2:0:1: asynchronous
[   12.067793] random: systemd-udevd: uninitialized urandom read (16 bytes read)
[   12.069244] random: systemd-udevd: uninitialized urandom read (16 bytes read)
[   12.069279] sd 2:0:0:0: Attached scsi generic sg0 type 0
[   12.070696] random: systemd-udevd: uninitialized urandom read (16 bytes read)
[   12.073322] sd 2:0:0:0: [sda] 20971520 512-byte logical blocks: (10.7 GB/10.0 GiB)
[   12.075138] sd 2:0:1:0: Attached scsi generic sg1 type 0
[   12.075163] sd 2:0:0:0: [sda] Write Protect is off
[   12.077397] sd 2:0:1:0: [sdb] 20480 512-byte logical blocks: (10.5 MB/10.0 MiB)
[   12.078946] sd 2:0:0:0: [sda] Incomplete mode parameter data
[   12.079979] sd 2:0:0:0: [sda] Assuming drive cache: write through
[   12.080036] sd 2:0:1:0: [sdb] Write Protect is off
[   12.082449] sd 2:0:1:0: [sdb] Incomplete mode parameter data
[   12.083529] sd 2:0:1:0: [sdb] Assuming drive cache: write through
[   12.086822]  sda: sda1
[   12.089300] sd 2:0:1:0: [sdb] Attached SCSI disk
[   12.089314] sd 2:0:0:0: [sda] Attached SCSI disk
Begin: Loading essential drivers ... [   13.528162] raid6: sse2x1   gen() 12043 MB/s
[   13.576040] raid6: sse2x1   xor()  7288 MB/s
[   13.624322] raid6: sse2x2   gen() 13364 MB/s
[   13.672062] raid6: sse2x2   xor()  8505 MB/s
[   13.720499] raid6: sse2x4   gen() 14707 MB/s
[   13.768356] raid6: sse2x4   xor()  8605 MB/s
[   13.816136] raid6: avx2x1   gen() 13869 MB/s
[   13.864488] raid6: avx2x1   xor()  9751 MB/s
[   13.912009] raid6: avx2x2   gen() 27448 MB/s
[   13.960093] raid6: avx2x2   xor() 18290 MB/s
[   14.008106] raid6: avx2x4   gen() 29676 MB/s
[   14.056049] raid6: avx2x4   xor() 16323 MB/s
[   14.057208] raid6: using algorithm avx2x4 gen() 29676 MB/s
[   14.058392] raid6: .... xor() 16323 MB/s, rmw enabled
[   14.059569] raid6: using avx2x2 recovery algorithm
[   14.061774] xor: automatically using best checksumming function   avx       
[   14.068618] async_tx: api initialized (async)
done.
Begin: Running /scripts/init-premount ... done.
Begin: Mounting root file system ... Begin: Running /scripts/local-top ... done.
Begin: Running /scripts/local-premount ... [   14.109227] Btrfs loaded, crc32c=crc32c-intel
Scanning for Btrfs filesystems
done.
Warning: fsck not present, so skipping root file system
[   14.156760] EXT4-fs (sda1): mounted filesystem with ordered data mode. Opts: (null)
done.
Begin: Running /scripts/local-bottom ... done.
Begin: Running /scripts/init-bottom ... done.
[   14.329373] ip_tables: (C) 2000-2006 Netfilter Core Team
[   14.339153] systemd[1]: systemd 237 running in system mode. (+PAM +AUDIT +SELINUX +IMA +APPARMOR +SMACK +SYSVINIT +UTMP +LIBCRYPTSETUP +GCRYPT +GNUTLS +ACL +XZ +LZ4 +SECCOMP +BLKID +ELFUTILS +KMOD -IDN2 +IDN -PCRE2 default-hierarchy=hybrid)
[   14.343019] systemd[1]: Detected virtualization oracle.
[   14.343860] systemd[1]: Detected architecture x86-64.

Welcome to [1mUbuntu 18.04.5 LTS[0m!

[   14.361157] systemd[1]: Set hostname to <ubuntu>.
[   14.366671] systemd[1]: Initializing machine ID from random generator.
[   14.368249] systemd[1]: Installed transient /etc/machine-id file.
[   14.672685] systemd[1]: Reached target Swap.
[[0;32m  OK  [0m] Reached target Swap.
[   14.674675] systemd[1]: Started Forward Password Requests to Wall Directory Watch.
[[0;32m  OK  [0m] Started Forward Password Requests to Wall Directory Watch.
[   14.678036] systemd[1]: Reached target User and Group Name Lookups.
[[0;32m  OK  [0m] Reached target User and Group Name Lookups.
[   14.680749] systemd[1]: Set up automount Arbitrary Executable File Formats File System Automount Point.
[[0;32m  OK  [0m] Set up automount Arbitrary Executab…rmats File System Automount Point.
[[0;32m  OK  [0m] Reached target System Time Synchronized.
[[0;32m  OK  [0m] Created slice User and Session Slice.
[[0;32m  OK  [0m] Created slice System Slice.
[[0;32m  OK  [0m] Reached target Slices.
[[0;32m  OK  [0m] Created slice system-serial\x2dgetty.slice.
[[0;32m  OK  [0m] Listening on /dev/initctl Compatibility Named Pipe.
[[0;32m  OK  [0m] Listening on LVM2 metadata daemon socket.
[[0;32m  OK  [0m] Listening on Journal Socket (/dev/log).
[[0;32m  OK  [0m] Listening on Device-mapper event daemon FIFOs.
[[0;32m  OK  [0m] Listening on Journal Audit Socket.
[[0;32m  OK  [0m] Listening on Journal Socket.
         Starting Monitoring of LVM2 mirrors…ng dmeventd or progress polling...
         Mounting Kernel Debug File System...
[[0;32m  OK  [0m] Listening on Syslog Socket.
         Starting Journal Service...
         Starting Create list of required st…ce nodes for the current kernel...
         Starting Uncomplicated firewall...
[[0;32m  OK  [0m] Listening on LVM2 poll daemon socket.
[[0;32m  OK  [0m] Listening on udev Control Socket.
         Mounting POSIX Message Queue File System...
[[0;32m  OK  [0m] Listening on Network Service Netlink Socket.
         Mounting Huge Pages File System...
[[0;32m  OK  [0m] Listening on udev Kernel Socket.
         Starting udev Coldplug all Devices...
         Starting Set the console keyboard layout...
         Starting Remount Root and Kernel File Systems...
         Starting Load Kernel Modules...
[[0;32m  OK  [0m] Started Journal Service.
[[0;32m  OK  [0m] Mounted Kernel Debug File System.
[[0;32m  OK  [0m] Started Create list of required sta…vice nodes for the current kernel.
[[0;32m  OK  [0m] Started Uncomplicated firewall.
[[0;32m  OK  [0m] Mounted POSIX Message Queue File System.
[[0;32m  OK  [0m] Mounted Huge Pages File System.
         Starting Create Static Device Nodes in /dev...
[   14.828273] Loading iSCSI transport class v2.0-870.
[   14.834496] iscsi: registered transport (tcp)
[   14.836158] EXT4-fs (sda1): re-mounted. Opts: (null)
[[0;32m  OK  [0m] Started Remount Root and Kernel File Systems.
[[0;32m  OK  [0m] Started udev Coldplug all Devices.
[[0;32m  OK  [0m] Started LVM2 metadata daemon.
         Starting Load/Save Random Seed...
         Starting Flush Journal to Persistent Storage...
[   14.892557] iscsi: registered transport (iser)
[[0;32m  OK  [0m] Started Load Kernel Modules.
[[0;32m  OK  [0m] Started Create Static Device Nodes in /dev.
[[0;32m  OK  [0m] Started Load/Save Random Seed.
         Starting udev Kernel Device Manager...
         Mounting Kernel Configuration File System...
         Starting Apply Kernel Variables...
         Mounting FUSE Control File System...
[[0;32m  OK  [0m] Mounted Kernel Configuration File System.
[[0;32m  OK  [0m] Mounted FUSE Control File System.
[   14.952554] systemd-journald[398]: Received request to flush runtime journal from PID 1
[[0;32m  OK  [0m] Started Monitoring of LVM2 mirrors,…sing dmeventd or progress polling.
[[0;32m  OK  [0m] Started udev Kernel Device Manager.
[[0;32m  OK  [0m] Started Apply Kernel Variables.
[[0;32m  OK  [0m] Started Flush Journal to Persistent Storage.
[[0;32m  OK  [0m] Started Set the console keyboard layout.
[[0;32m  OK  [0m] Started Dispatch Password Requests to Console Directory Watch.
[[0;32m  OK  [0m] Reached target Local Encrypted Volumes.
[[0;32m  OK  [0m] Reached target Local File Systems (Pre).
[[0;32m  OK  [0m] Reached target Local File Systems.
         Starting ebtables ruleset management...
         Starting Commit a transient machine-id on disk...
         Starting Tell Plymouth To Write Out Runtime Data...
         Starting Set console font and keymap...
         Starting AppArmor initialization...
         Starting Create Volatile Files and Directories...
[[0;32m  OK  [0m] Started Tell Plymouth To Write Out Runtime Data.
[[0;32m  OK  [0m] Started Set console font and keymap.
[[0;32m  OK  [0m] Started Create Volatile Files and Directories.
[[0;32m  OK  [0m] Started Commit a transient machine-id on disk.
         Starting Update UTMP about System Boot/Shutdown...
[[0;32m  OK  [0m] Started Update UTMP about System Boot/Shutdown.
[[0;32m  OK  [0m] Started ebtables ruleset management.
[[0;32m  OK  [0m] Found device /dev/ttyS0.
[[0;32m  OK  [0m] Listening on Load/Save RF Kill Switch Status /dev/rfkill Watch.
[[0;32m  OK  [0m] Started AppArmor initialization.
         Starting Load AppArmor profiles managed internally by snapd...
         Starting Initial cloud-init job (pre-networking)...
[[0;32m  OK  [0m] Started Load AppArmor profiles managed internally by snapd.
[   17.198352] cloud-init[562]: Cloud-init v. 20.3-2-g371b392c-0ubuntu1~18.04.1 running 'init-local' at Tue, 08 Dec 2020 15:33:08 +0000. Up 16.83 seconds.
[[0;32m  OK  [0m] Started Initial cloud-init job (pre-networking).
[[0;32m  OK  [0m] Reached target Network (Pre).
         Starting Network Service...
[[0;32m  OK  [0m] Started Network Service.
         Starting Wait for Network to be Configured...
         Starting Network Name Resolution...
[[0;32m  OK  [0m] Started Network Name Resolution.
[[0;32m  OK  [0m] Reached target Host and Network Name Lookups.
[[0;32m  OK  [0m] Reached target Network.
[[0;32m  OK  [0m] Started Wait for Network to be Configured.
         Starting Initial cloud-init job (metadata service crawler)...
[   19.156544] cloud-init[691]: Cloud-init v. 20.3-2-g371b392c-0ubuntu1~18.04.1 running 'init' at Tue, 08 Dec 2020 15:33:10 +0000. Up 18.98 seconds.
[   19.158854] cloud-init[691]: ci-info: ++++++++++++++++++++++++++++++++++++++Net device info+++++++++++++++++++++++++++++++++++++++
[   19.160747] cloud-init[691]: ci-info: +--------+-------+----------------------------+---------------+--------+-------------------+
[   19.162422] cloud-init[691]: ci-info: | Device |   Up  |          Address           |      Mask     | Scope  |     Hw-Address    |
[   19.164263] cloud-init[691]: ci-info: +--------+-------+----------------------------+---------------+--------+-------------------+
[   19.166196] cloud-init[691]: ci-info: | enp0s3 |  True |         10.0.2.15          | 255.255.255.0 | global | 02:c6:b0:25:69:cb |
[   19.168175] cloud-init[691]: ci-info: | enp0s3 |  True | fe80::c6:b0ff:fe25:69cb/64 |       .       |  link  | 02:c6:b0:25:69:cb |
[   19.169917] cloud-init[691]: ci-info: | enp0s8 | False |             .              |       .       |   .    | 08:00:27:78:13:c1 |
[   19.171751] cloud-init[691]: ci-info: |   lo   |  True |         127.0.0.1          |   255.0.0.0   |  host  |         .         |
[   19.173528] cloud-init[691]: ci-info: |   lo   |  True |          ::1/128           |       .       |  host  |         .         |
[   19.175205] cloud-init[691]: ci-info: +--------+-------+----------------------------+---------------+--------+-------------------+
[   19.177517] cloud-init[691]: ci-info: ++++++++++++++++++++++++++++Route IPv4 info+++++++++++++++++++++++++++++
[   19.179085] cloud-init[691]: ci-info: +-------+-------------+----------+-----------------+-----------+-------+
[   19.181193] cloud-init[691]: ci-info: | Route | Destination | Gateway  |     Genmask     | Interface | Flags |
[   19.182836] cloud-init[691]: ci-info: +-------+-------------+----------+-----------------+-----------+-------+
[   19.184444] cloud-init[691]: ci-info: |   0   |   0.0.0.0   | 10.0.2.2 |     0.0.0.0     |   enp0s3  |   UG  |
[   19.186298] cloud-init[691]: ci-info: |   1   |   10.0.2.0  | 0.0.0.0  |  255.255.255.0  |   enp0s3  |   U   |
[   19.187850] cloud-init[691]: ci-info: |   2   |   10.0.2.2  | 0.0.0.0  | 255.255.255.255 |   enp0s3  |   UH  |
[   19.189423] cloud-init[691]: ci-info: +-------+-------------+----------+-----------------+-----------+-------+
[   19.191006] cloud-init[691]: ci-info: +++++++++++++++++++Route IPv6 info+++++++++++++++++++
[   19.192453] cloud-init[691]: ci-info: +-------+-------------+---------+-----------+-------+
[   19.193770] cloud-init[691]: ci-info: | Route | Destination | Gateway | Interface | Flags |
[   19.195117] cloud-init[691]: ci-info: +-------+-------------+---------+-----------+-------+
[   19.196451] cloud-init[691]: ci-info: |   1   |  fe80::/64  |    ::   |   enp0s3  |   U   |
[   19.197968] cloud-init[691]: ci-info: |   3   |    local    |    ::   |   enp0s3  |   U   |
[   19.199357] cloud-init[691]: ci-info: |   4   |   ff00::/8  |    ::   |   enp0s3  |   U   |
[   19.200662] cloud-init[691]: ci-info: +-------+-------------+---------+-----------+-------+
[   19.801177] cloud-init[691]: Generating public/private rsa key pair.
[   19.802361] cloud-init[691]: Your identification has been saved in /etc/ssh/ssh_host_rsa_key.
[   19.804049] cloud-init[691]: Your public key has been saved in /etc/ssh/ssh_host_rsa_key.pub.
[   19.805574] cloud-init[691]: The key fingerprint is:
[   19.806454] cloud-init[691]: SHA256:3KqcDz+gkBeT/NBu2pn90NswMhLjYuS1lrl3hUZ1F3U root@ubuntu-bionic
[   19.807844] cloud-init[691]: The key's randomart image is:
[   19.808756] cloud-init[691]: +---[RSA 2048]----+
[   19.809554] cloud-init[691]: |               .E|
[   19.810493] cloud-init[691]: |            . . o|
[   19.820328] cloud-init[691]: |   . o     . . . |
[   19.821204] cloud-init[691]: |    * .. ..      |
[   19.821951] cloud-init[691]: |   ..*+ S...     |
[   19.822704] cloud-init[691]: |  oo.o=* oo .    |
[   19.823502] cloud-init[691]: |   o+=O==.+.     |
[   19.824314] cloud-init[691]: |   .o++B++.=     |
[   19.825084] cloud-init[691]: |      =oo+o .    |
[   19.825873] cloud-init[691]: +----[SHA256]-----+
[   19.826665] cloud-init[691]: Generating public/private dsa key pair.
[   19.827680] cloud-init[691]: Your identification has been saved in /etc/ssh/ssh_host_dsa_key.
[   19.828987] cloud-init[691]: Your public key has been saved in /etc/ssh/ssh_host_dsa_key.pub.
[   19.830315] cloud-init[691]: The key fingerprint is:
[   19.831086] cloud-init[691]: SHA256:1S5nkCbdewU9kNDA6nYkBbj/Hx6CgyRErdcC9gHsrp4 root@ubuntu-bionic
[   19.832531] cloud-init[691]: The key's randomart image is:
[   19.833407] cloud-init[691]: +---[DSA 1024]----+
[   19.834172] cloud-init[691]: |    .oo ..oo+.+. |
[   19.834878] cloud-init[691]: |    .+ + . * o o.|
[   19.835602] cloud-init[691]: |    o.+ = O o   o|
[   19.836396] cloud-init[691]: |    .o = B + . . |
[   19.848420] cloud-init[691]: |    ....S + = .  |
[   19.849104] cloud-init[691]: |     .o .+.= .   |
[   19.849890] cloud-init[691]: |    .  ..oo. o   |
[   19.850715] cloud-init[691]: |   ..     ..o o  |
[   19.851431] cloud-init[691]: |  .E        .o   |
[   19.852263] cloud-init[691]: +----[SHA256]-----+
[   19.853027] cloud-init[691]: Generating public/private ecdsa key pair.
[   19.854054] cloud-init[691]: Your identification has been saved in /etc/ssh/ssh_host_ecdsa_key.
[   19.855412] cloud-init[691]: Your public key has been saved in /etc/ssh/ssh_host_ecdsa_key.pub.
[   19.856777] cloud-init[691]: The key fingerprint is:
[   19.857679] cloud-init[691]: SHA256:lX69kuT83N09zZytwMl0auqvpJa/MlEs+ycNndcGc+4 root@ubuntu-bionic
[   19.859086] cloud-init[691]: The key's randomart image is:
[   19.859955] cloud-init[691]: +---[ECDSA 256]---+
[   19.860790] cloud-init[691]: |                 |
[   19.876299] cloud-init[691]: |           .     |
[   19.877153] cloud-init[691]: |         .o      |
[   19.878063] cloud-init[691]: |        .oo  .o .|
[   19.878826] cloud-init[691]: |        S+..+.o* |
[   19.879676] cloud-init[691]: |        o .Oo=..+|
[   19.880538] cloud-init[691]: |         +.o%..=+|
[   19.881306] cloud-init[691]: |        =oooo= +E|
[   19.882067] cloud-init[691]: |       ..=**. +.*|
[   19.882924] cloud-init[691]: +----[SHA256]-----+
[   19.883708] cloud-init[691]: Generating public/private ed25519 key pair.
[   19.884900] cloud-init[691]: Your identification has been saved in /etc/ssh/ssh_host_ed25519_key.
[[   19.896769] cloud-init[691]: Your public key has been saved in /etc/ssh/ssh_host_ed25519_key.pub.
[   19.896866] cloud-init[691]: The key fingerprint is:
[   19.897401] cloud-init[691]: SHA256:fS/76Vkl9q9BQjZvySoJWBaL14HIqYKlcrgce5IKjPM root@ubuntu-bionic
[   19.898035] cloud-init[691]: The key's randomart image is:
[   19.898577] cloud-init[691]: +--[ED25519 256]--+
[   19.898931] cloud-init[691]: |     . o...      |
[   19.899305] cloud-init[691]: |  .   +..+ .     |
[   19.899703] cloud-init[691]: | =   .. = . +    |
[   19.900487] cloud-init[691]: |=.o .  = . o + . |
[   19.900988] cloud-init[691]: |=o+.  . S . o O .|
[   19.901596] cloud-init[691]: |=* .     . o B o.|
[   19.902058] cloud-init[691]: |ooo       o o o o|
[   19.902862] cloud-init[691]: |. E        . o =.|
[   19.903439] cloud-init[691]: |            .o*..|
[   19.903939] cloud-init[691]: +----[SHA256]-----+
[0;32m  OK  [0m] Started Initial cloud-init job (metadata service crawler).
[[0;32m  OK  [0m] Reached target System Initialization.
         Starting Socket activation for snappy daemon.
[[0;32m  OK  [0m] Listening on Open-iSCSI iscsid Socket.
[[0;32m  OK  [0m] Started Daily Cleanup of Temporary Directories.
         Starting LXD - unix socket.
[[0;32m  OK  [0m] Listening on D-Bus System Message Bus Socket.
[[0;32m  OK  [0m] Listening on UUID daemon activation socket.
[[0;32m  OK  [0m] Started Message of the Day.
[[0;32m  OK  [0m] Started ACPI Events Check.
[[0;32m  OK  [0m] Reached target Paths.
[[0;32m  OK  [0m] Listening on ACPID Listen Socket.
[[0;32m  OK  [0m] Started Daily apt download activities.
[[0;32m  OK  [0m] Started Daily apt upgrade and clean activities.
[[0;32m  OK  [0m] Started Discard unused blocks once a week.
[[0;32m  OK  [0m] Reached target Timers.
[[0;32m  OK  [0m] Reached target Cloud-config availability.
[[0;32m  OK  [0m] Reached target Network is Online.
[[0;32m  OK  [0m] Reached target Remote File Systems (Pre).
[[0;32m  OK  [0m] Reached target Remote File Systems.
         Starting Availability of block devices...
[[0;32m  OK  [0m] Listening on Socket activation for snappy daemon.
[[0;32m  OK  [0m] Listening on LXD - unix socket.
[[0;32m  OK  [0m] Reached target Sockets.
[[0;32m  OK  [0m] Reached target Basic System.
[[0;32m  OK  [0m] Started Deferred execution scheduler.
[[0;32m  OK  [0m] Started irqbalance daemon.
         Starting Pollinate to seed the pseudo random number generator...
         Starting System Logging Service...
         Starting LSB: automatic crash report generation...
         Starting LSB: Record successful boot for GRUB...
         Starting Permit User Sessions...
         Starting Virtualbox guest utils...
         Starting LXD - container startup/shutdown...
[[0;32m  OK  [0m] Started FUSE filesystem for LXC.
         Starting Dispatcher daemon for systemd-networkd...
[[0;32m  OK  [0m] Started D-Bus System Message Bus.
         Starting Login Service...
         Starting Accounts Service...
         Starting Snap Daemon...
[[0;32m  OK  [0m] Started Regular background program processing daemon.
[[0;32m  OK  [0m] Started System Logging Service.
[[0;32m  OK  [0m] Started Availability of block devices.
[[0;32m  OK  [0m] Started Permit User Sessions.
[[0;32m  OK  [0m] Started LXD - container startup/shutdown.
[[0;32m  OK  [0m] Started Login Service.
[[0;32m  OK  [0m] Started Unattended Upgrades Shutdown.
         Starting Terminate Plymouth Boot Screen...
         Starting Hold until boot process finishes up...
[[0;32m  OK  [0m] Started Hold until boot process finishes up.
         Starting Set console scheme...
[[0;32m  OK  [0m] Started Serial Getty on ttyS0.
[[0;32m  OK  [0m] Started Terminate Plymouth Boot Screen.
[[0;32m  OK  [0m] Started Set console scheme.
[[0;32m  OK  [0m] Created slice system-getty.slice.
[[0;32m  OK  [0m] Started Getty on tty1.
[[0;32m  OK  [0m] Reached target Login Prompts.
         Starting Authorization Manager...
[[0;32m  OK  [0m] Started LSB: Record successful boot for GRUB.
[[0;32m  OK  [0m] Started Authorization Manager.
[[0;32m  OK  [0m] Started Accounts Service.
[[0;32m  OK  [0m] Started LSB: automatic crash report generation.
[[0;32m  OK  [0m] Started Virtualbox guest utils.
[[0;32m  OK  [0m] Started Dispatcher daemon for systemd-networkd.
[[0;32m  OK  [0m] Started Snap Daemon.
         Starting Wait until snapd is fully seeded...
[[0;32m  OK  [0m] Started Pollinate to seed the pseudo random number generator.
         Starting OpenBSD Secure Shell server...
[[0;32m  OK  [0m] Started OpenBSD Secure Shell server.
[[0;32m  OK  [0m] Created slice User Slice of vagrant.
         Starting User Manager for UID 1000...
[[0;32m  OK  [0m] Started Session 1 of user vagrant.
[[0;32m  OK  [0m] Started User Manager for UID 1000.
[[0;32m  OK  [0m] Started Wait until snapd is fully seeded.
         Starting Apply the settings specified in cloud-config...
[[0;32m  OK  [0m] Reached target Multi-User System.
[[0;32m  OK  [0m] Reached target Graphical Interface.
         Starting Update UTMP about System Runlevel Changes...
[[0;32m  OK  [0m] Started Update UTMP about System Runlevel Changes.
[   24.207461] cloud-init[1323]: Cloud-init v. 20.3-2-g371b392c-0ubuntu1~18.04.1 running 'modules:config' at Tue, 08 Dec 2020 15:33:15 +0000. Up 23.73 seconds.
[[0;32m  OK  [0m] Started Apply the settings specified in cloud-config.
         Starting Execute cloud user/final scripts...
ci-info: no authorized SSH keys fingerprints found for user ubuntu.
<14>Dec  8 15:33:16 ec2: 
<14>Dec  8 15:33:16 ec2: #############################################################
<14>Dec  8 15:33:16 ec2: -----BEGIN SSH HOST KEY FINGERPRINTS-----
<14>Dec  8 15:33:16 ec2: 1024 SHA256:1S5nkCbdewU9kNDA6nYkBbj/Hx6CgyRErdcC9gHsrp4 root@ubuntu-bionic (DSA)
<14>Dec  8 15:33:16 ec2: 256 SHA256:lX69kuT83N09zZytwMl0auqvpJa/MlEs+ycNndcGc+4 root@ubuntu-bionic (ECDSA)
<14>Dec  8 15:33:16 ec2: 256 SHA256:fS/76Vkl9q9BQjZvySoJWBaL14HIqYKlcrgce5IKjPM root@ubuntu-bionic (ED25519)
<14>Dec  8 15:33:16 ec2: 2048 SHA256:3KqcDz+gkBeT/NBu2pn90NswMhLjYuS1lrl3hUZ1F3U root@ubuntu-bionic (RSA)
<14>Dec  8 15:33:16 ec2: -----END SSH HOST KEY FINGERPRINTS-----
<14>Dec  8 15:33:16 ec2: #############################################################
-----BEGIN SSH HOST KEY KEYS-----
ecdsa-sha2-nistp256 AAAAE2VjZHNhLXNoYTItbmlzdHAyNTYAAAAIbmlzdHAyNTYAAABBBPGlBjdmIoWfYjSYMoXM1L5CZFKITFSdYPjZDUD7GA9x2YJ9to+q6juZTiYwogyeUNoModW93efZ7M+Y0AffQy0= root@ubuntu-bionic
ssh-ed25519 AAAAC3NzaC1lZDI1NTE5AAAAIMbMK57doWRIUEdm58FsBXdk5TVuhm+cxoBra+f/GLV+ root@ubuntu-bionic
ssh-rsa AAAAB3NzaC1yc2EAAAADAQABAAABAQCfeUq4wQJpCFGHE2AJAQHEJmjKMt8Lu5xzCNo/R3imkKP2CkJF+xDMdRkZyXSmsoVIGlyKEWcm1cx8XS675r6KDPv2mTeRhUZu1yzayyPksRpIwEZIG8lF9lm2nwj3FavHP+i6REQUfltZKRiKGCcQEl4lH9lp3Z+8pWaym5uluAiwhXBtd8U+jH7FHfG4DBgVxCeONxuuQhKQNbS7Dw5nINa5pRX1s54K/m9qlf3Epdi+ag3eyz9d5WU4XiXi5pdoiOwPqONQdFjaVPz5msVZbx1MX84VZ2dzIjEwkuqAzaHeT7RXdhCxx4pN+hN9nw4oUQxR/+MT9x4kSrdxGcDl root@ubuntu-bionic
-----END SSH HOST KEY KEYS-----
[   24.755385] cloud-init[1463]: Cloud-init v. 20.3-2-g371b392c-0ubuntu1~18.04.1 running 'modules:final' at Tue, 08 Dec 2020 15:33:16 +0000. Up 24.60 seconds.
[   24.757215] cloud-init[1463]: ci-info: no authorized SSH keys fingerprints found for user ubuntu.
[   24.758650] cloud-init[1463]: Cloud-init v. 20.3-2-g371b392c-0ubuntu1~18.04.1 finished at Tue, 08 Dec 2020 15:33:16 +0000. Datasource DataSourceNoCloud [seed=/dev/sdb][dsmode=net].  Up 24.74 seconds
[[0;32m  OK  [0m] Started Execute cloud user/final scripts.
[[0;32m  OK  [0m] Reached target Cloud-init target.

Ubuntu 18.04.5 LTS ubuntu-bionic ttyS0

ubuntu-bionic login: 