[    0.000000] Linux version 4.15.0-121-generic (buildd@lgw01-amd64-034) (gcc version 7.5.0 (Ubuntu 7.5.0-3ubuntu1~18.04)) #123-Ubuntu SMP Mon Oct 5 16:16:40 UTC 2020 (Ubuntu 4.15.0-121.123-generic 4.15.18)
[    0.000000] Command line: BOOT_IMAGE=/boot/vmlinuz-4.15.0-121-generic root=LABEL=cloudimg-rootfs ro console=tty1 console=ttyS0
[    0.000000] KERNEL supported cpus:
[    0.000000]   Intel GenuineIntel
[    0.000000]   AMD AuthenticAMD
[    0.000000]   Centaur CentaurHauls
[    0.000000] x86/fpu: Supporting XSAVE feature 0x001: 'x87 floating point registers'
[    0.000000] x86/fpu: Supporting XSAVE feature 0x002: 'SSE registers'
[    0.000000] x86/fpu: Supporting XSAVE feature 0x004: 'AVX registers'
[    0.000000] x86/fpu: xstate_offset[2]:  576, xstate_sizes[2]:  256
[    0.000000] x86/fpu: Enabled xstate features 0x7, context size is 832 bytes, using 'standard' format.
[    0.000000] e820: BIOS-provided physical RAM map:
[    0.000000] BIOS-e820: [mem 0x0000000000000000-0x000000000009fbff] usable
[    0.000000] BIOS-e820: [mem 0x000000000009fc00-0x000000000009ffff] reserved
[    0.000000] BIOS-e820: [mem 0x00000000000f0000-0x00000000000fffff] reserved
[    0.000000] BIOS-e820: [mem 0x0000000000100000-0x0000000063feffff] usable
[    0.000000] BIOS-e820: [mem 0x0000000063ff0000-0x0000000063ffffff] ACPI data
[    0.000000] BIOS-e820: [mem 0x00000000fec00000-0x00000000fec00fff] reserved
[    0.000000] BIOS-e820: [mem 0x00000000fee00000-0x00000000fee00fff] reserved
[    0.000000] BIOS-e820: [mem 0x00000000fffc0000-0x00000000ffffffff] reserved
[    0.000000] NX (Execute Disable) protection: active
[    0.000000] SMBIOS 2.5 present.
[    0.000000] DMI: innotek GmbH VirtualBox/VirtualBox, BIOS VirtualBox 12/01/2006
[    0.000000] Hypervisor detected: KVM
[    0.000000] e820: last_pfn = 0x63ff0 max_arch_pfn = 0x400000000
[    0.000000] MTRR: Disabled
[    0.000000] x86/PAT: MTRRs disabled, skipping PAT initialization too.
[    0.000000] CPU MTRRs all blank - virtualized system.
[    0.000000] x86/PAT: Configuration [0-7]: WB  WT  UC- UC  WB  WT  UC- UC  
[    0.000000] found SMP MP-table at [mem 0x0009fff0-0x0009ffff]
[    0.000000] Scanning 1 areas for low memory corruption
[    0.000000] RAMDISK: [mem 0x35955000-0x36ca1fff]
[    0.000000] ACPI: Early table checksum verification disabled
[    0.000000] ACPI: RSDP 0x00000000000E0000 000024 (v02 VBOX  )
[    0.000000] ACPI: XSDT 0x0000000063FF0030 00003C (v01 VBOX   VBOXXSDT 00000001 ASL  00000061)
[    0.000000] ACPI: FACP 0x0000000063FF00F0 0000F4 (v04 VBOX   VBOXFACP 00000001 ASL  00000061)
[    0.000000] ACPI: DSDT 0x0000000063FF0470 002325 (v02 VBOX   VBOXBIOS 00000002 INTL 20100528)
[    0.000000] ACPI: FACS 0x0000000063FF0200 000040
[    0.000000] ACPI: FACS 0x0000000063FF0200 000040
[    0.000000] ACPI: APIC 0x0000000063FF0240 00005C (v02 VBOX   VBOXAPIC 00000001 ASL  00000061)
[    0.000000] ACPI: SSDT 0x0000000063FF02A0 0001CC (v01 VBOX   VBOXCPUT 00000002 INTL 20100528)
[    0.000000] No NUMA configuration found
[    0.000000] Faking a node at [mem 0x0000000000000000-0x0000000063feffff]
[    0.000000] NODE_DATA(0) allocated [mem 0x63fc5000-0x63feffff]
[    0.000000] kvm-clock: cpu 0, msr 0:63f44001, primary cpu clock
[    0.000000] kvm-clock: Using msrs 4b564d01 and 4b564d00
[    0.000000] kvm-clock: using sched offset of 3834225548 cycles
[    0.000000] clocksource: kvm-clock: mask: 0xffffffffffffffff max_cycles: 0x1cd42e4dffb, max_idle_ns: 881590591483 ns
[    0.000000] Zone ranges:
[    0.000000]   DMA      [mem 0x0000000000001000-0x0000000000ffffff]
[    0.000000]   DMA32    [mem 0x0000000001000000-0x0000000063feffff]
[    0.000000]   Normal   empty
[    0.000000]   Device   empty
[    0.000000] Movable zone start for each node
[    0.000000] Early memory node ranges
[    0.000000]   node   0: [mem 0x0000000000001000-0x000000000009efff]
[    0.000000]   node   0: [mem 0x0000000000100000-0x0000000063feffff]
[    0.000000] Reserved but unavailable: 98 pages
[    0.000000] Initmem setup node 0 [mem 0x0000000000001000-0x0000000063feffff]
[    0.000000] ACPI: PM-Timer IO Port: 0x4008
[    0.000000] IOAPIC[0]: apic_id 2, version 32, address 0xfec00000, GSI 0-23
[    0.000000] ACPI: INT_SRC_OVR (bus 0 bus_irq 0 global_irq 2 dfl dfl)
[    0.000000] ACPI: INT_SRC_OVR (bus 0 bus_irq 9 global_irq 9 low level)
[    0.000000] Using ACPI (MADT) for SMP configuration information
[    0.000000] smpboot: Allowing 2 CPUs, 0 hotplug CPUs
[    0.000000] PM: Registered nosave memory: [mem 0x00000000-0x00000fff]
[    0.000000] PM: Registered nosave memory: [mem 0x0009f000-0x0009ffff]
[    0.000000] PM: Registered nosave memory: [mem 0x000a0000-0x000effff]
[    0.000000] PM: Registered nosave memory: [mem 0x000f0000-0x000fffff]
[    0.000000] e820: [mem 0x64000000-0xfebfffff] available for PCI devices
[    0.000000] Booting paravirtualized kernel on KVM
[    0.000000] clocksource: refined-jiffies: mask: 0xffffffff max_cycles: 0xffffffff, max_idle_ns: 7645519600211568 ns
[    0.000000] random: get_random_bytes called from start_kernel+0x99/0x500 with crng_init=0
[    0.000000] setup_percpu: NR_CPUS:8192 nr_cpumask_bits:2 nr_cpu_ids:2 nr_node_ids:1
[    0.000000] percpu: Embedded 45 pages/cpu s147456 r8192 d28672 u1048576
[    0.000000] PV qspinlock hash table entries: 256 (order: 0, 4096 bytes)
[    0.000000] Built 1 zonelists, mobility grouping on.  Total pages: 403065
[    0.000000] Policy zone: DMA32
[    0.000000] Kernel command line: BOOT_IMAGE=/boot/vmlinuz-4.15.0-121-generic root=LABEL=cloudimg-rootfs ro console=tty1 console=ttyS0
[    0.000000] Memory: 1562068K/1637944K available (12300K kernel code, 2482K rwdata, 4272K rodata, 2436K init, 2724K bss, 75876K reserved, 0K cma-reserved)
[    0.000000] SLUB: HWalign=64, Order=0-3, MinObjects=0, CPUs=2, Nodes=1
[    0.000000] ftrace: allocating 39402 entries in 154 pages
[    0.004000] Hierarchical RCU implementation.
[    0.004000] 	RCU restricting CPUs from NR_CPUS=8192 to nr_cpu_ids=2.
[    0.004000] 	Tasks RCU enabled.
[    0.004000] RCU: Adjusting geometry for rcu_fanout_leaf=16, nr_cpu_ids=2
[    0.004000] NR_IRQS: 524544, nr_irqs: 440, preallocated irqs: 16
[    0.004000] Console: colour VGA+ 80x25
[    0.004000] console [tty1] enabled
[    0.004000] console [ttyS0] enabled
[    0.004000] ACPI: Core revision 20170831
[    0.004000] ACPI: 2 ACPI AML tables successfully acquired and loaded
[    0.004000] APIC: Switch to symmetric I/O mode setup
[    0.004000] x2apic enabled
[    0.004000] Switched APIC routing to physical x2apic.
[    0.004000] ..TIMER: vector=0x30 apic1=0 pin1=2 apic2=-1 pin2=-1
[    0.004000] tsc: Detected 2592.004 MHz processor
[    0.004008] Calibrating delay loop (skipped) preset value.. 5184.00 BogoMIPS (lpj=10368016)
[    0.005148] pid_max: default: 32768 minimum: 301
[    0.005779] Security Framework initialized
[    0.006391] Yama: becoming mindful.
[    0.006868] AppArmor: AppArmor initialized
[    0.011112] Dentry cache hash table entries: 262144 (order: 9, 2097152 bytes)
[    0.014841] Inode-cache hash table entries: 131072 (order: 8, 1048576 bytes)
[    0.016017] Mount-cache hash table entries: 4096 (order: 3, 32768 bytes)
[    0.016954] Mountpoint-cache hash table entries: 4096 (order: 3, 32768 bytes)
[    0.018112] Last level iTLB entries: 4KB 64, 2MB 8, 4MB 8
[    0.019454] Last level dTLB entries: 4KB 64, 2MB 0, 4MB 0, 1GB 4
[    0.020004] Spectre V1 : Mitigation: usercopy/swapgs barriers and __user pointer sanitization
[    0.021458] Spectre V2 : Mitigation: Full generic retpoline
[    0.022393] Spectre V2 : Spectre v2 / SpectreRSB mitigation: Filling RSB on context switch
[    0.024002] Speculative Store Bypass: Vulnerable
[    0.024819] Freeing SMP alternatives memory: 36K
[    0.135209] smpboot: CPU0: Intel(R) Core(TM) i7-10750H CPU @ 2.60GHz (family: 0x6, model: 0xa5, stepping: 0x2)
[    0.136070] Performance Events: unsupported p6 CPU model 165 no PMU driver, software events only.
[    0.137339] Hierarchical SRCU implementation.
[    0.138438] NMI watchdog: Perf event create on CPU 0 failed with -2
[    0.139312] NMI watchdog: Perf NMI watchdog permanently disabled
[    0.140035] smp: Bringing up secondary CPUs ...
[    0.140823] x86: Booting SMP configuration:
[    0.141441] .... node  #0, CPUs:      #1
[    0.004000] kvm-clock: cpu 1, msr 0:63f44041, secondary cpu clock
[    0.144047] smp: Brought up 1 node, 2 CPUs
[    0.144781] smpboot: Max logical packages: 1
[    0.145560] smpboot: Total of 2 processors activated (10368.01 BogoMIPS)
[    0.148050] devtmpfs: initialized
[    0.148564] x86/mm: Memory block size: 128MB
[    0.149328] evm: security.selinux
[    0.149980] evm: security.SMACK64
[    0.150964] evm: security.SMACK64EXEC
[    0.152002] evm: security.SMACK64TRANSMUTE
[    0.152615] evm: security.SMACK64MMAP
[    0.153206] evm: security.apparmor
[    0.153663] evm: security.ima
[    0.154067] evm: security.capability
[    0.155058] clocksource: jiffies: mask: 0xffffffff max_cycles: 0xffffffff, max_idle_ns: 7645041785100000 ns
[    0.156006] futex hash table entries: 512 (order: 3, 32768 bytes)
[    0.156924] pinctrl core: initialized pinctrl subsystem
[    0.157815] RTC time: 13:15:59, date: 12/08/20
[    0.158616] NET: Registered protocol family 16
[    0.160116] audit: initializing netlink subsys (disabled)
[    0.160983] audit: type=2000 audit(1607433363.957:1): state=initialized audit_enabled=0 res=1
[    0.161451] cpuidle: using governor ladder
[    0.161451] cpuidle: using governor menu
[    0.164051] ACPI: bus type PCI registered
[    0.164864] acpiphp: ACPI Hot Plug PCI Controller Driver version: 0.5
[    0.166039] PCI: Using configuration type 1 for base access
[    0.168777] HugeTLB registered 2.00 MiB page size, pre-allocated 0 pages
[    0.172065] ACPI: Added _OSI(Module Device)
[    0.173055] ACPI: Added _OSI(Processor Device)
[    0.176036] ACPI: Added _OSI(3.0 _SCP Extensions)
[    0.176036] ACPI: Added _OSI(Processor Aggregator Device)
[    0.176854] ACPI: Added _OSI(Linux-Dell-Video)
[    0.177537] ACPI: Added _OSI(Linux-Lenovo-NV-HDMI-Audio)
[    0.178390] ACPI: Added _OSI(Linux-HPI-Hybrid-Graphics)
[    0.180098] ACPI: Executed 1 blocks of module-level executable AML code
[    0.185033] ACPI: Interpreter enabled
[    0.186179] ACPI: (supports S0 S5)
[    0.186929] ACPI: Using IOAPIC for interrupt routing
[    0.188000] PCI: Using host bridge windows from ACPI; if necessary, use "pci=nocrs" and report a bug
[    0.188172] ACPI: Enabled 2 GPEs in block 00 to 07
[    0.197349] ACPI: PCI Root Bridge [PCI0] (domain 0000 [bus 00-ff])
[    0.198283] acpi PNP0A03:00: _OSC: OS supports [ASPM ClockPM Segments MSI]
[    0.200000] acpi PNP0A03:00: _OSC: not requesting OS control; OS requires [ExtendedConfig ASPM ClockPM MSI]
[    0.200009] acpi PNP0A03:00: fail to add MMCONFIG information, can't access extended PCI configuration space under this bridge.
[    0.201956] PCI host bridge to bus 0000:00
[    0.204004] pci_bus 0000:00: root bus resource [io  0x0000-0x0cf7 window]
[    0.205236] pci_bus 0000:00: root bus resource [io  0x0d00-0xffff window]
[    0.206148] pci_bus 0000:00: root bus resource [mem 0x000a0000-0x000bffff window]
[    0.208021] pci_bus 0000:00: root bus resource [mem 0x64000000-0xfdffffff window]
[    0.209809] pci_bus 0000:00: root bus resource [bus 00-ff]
[    0.214605] pci 0000:00:01.1: legacy IDE quirk: reg 0x10: [io  0x01f0-0x01f7]
[    0.216009] pci 0000:00:01.1: legacy IDE quirk: reg 0x14: [io  0x03f6]
[    0.217075] pci 0000:00:01.1: legacy IDE quirk: reg 0x18: [io  0x0170-0x0177]
[    0.218243] pci 0000:00:01.1: legacy IDE quirk: reg 0x1c: [io  0x0376]
[    0.235020] pci 0000:00:07.0: quirk: [io  0x4000-0x403f] claimed by PIIX4 ACPI
[    0.240016] pci 0000:00:07.0: quirk: [io  0x4100-0x410f] claimed by PIIX4 SMB
[    0.258494] ACPI: PCI Interrupt Link [LNKA] (IRQs 5 9 10 *11)
[    0.259733] ACPI: PCI Interrupt Link [LNKB] (IRQs 5 9 *10 11)
[    0.260091] ACPI: PCI Interrupt Link [LNKC] (IRQs 5 *9 10 11)
[    0.261009] ACPI: PCI Interrupt Link [LNKD] (IRQs 5 9 10 *11)
[    0.262012] SCSI subsystem initialized
[    0.264202] pci 0000:00:02.0: vgaarb: setting as boot VGA device
[    0.265243] pci 0000:00:02.0: vgaarb: VGA device added: decodes=io+mem,owns=io+mem,locks=none
[    0.265243] pci 0000:00:02.0: vgaarb: bridge control possible
[    0.265532] vgaarb: loaded
[    0.265973] ACPI: bus type USB registered
[    0.268018] usbcore: registered new interface driver usbfs
[    0.268842] usbcore: registered new interface driver hub
[    0.272002] usbcore: registered new device driver usb
[    0.272022] EDAC MC: Ver: 3.0.0
[    0.272184] PCI: Using ACPI for IRQ routing
[    0.272901] NetLabel: Initializing
[    0.273624] NetLabel:  domain hash size = 128
[    0.276002] NetLabel:  protocols = UNLABELED CIPSOv4 CALIPSO
[    0.276002] NetLabel:  unlabeled traffic allowed by default
[    0.276062] clocksource: Switched to clocksource kvm-clock
[    0.293063] VFS: Disk quotas dquot_6.6.0
[    0.293824] VFS: Dquot-cache hash table entries: 512 (order 0, 4096 bytes)
[    0.295049] AppArmor: AppArmor Filesystem Enabled
[    0.295678] pnp: PnP ACPI init
[    0.297210] pnp: PnP ACPI: found 3 devices
[    0.303480] clocksource: acpi_pm: mask: 0xffffff max_cycles: 0xffffff, max_idle_ns: 2085701024 ns
[    0.305391] NET: Registered protocol family 2
[    0.306178] TCP established hash table entries: 16384 (order: 5, 131072 bytes)
[    0.307323] TCP bind hash table entries: 16384 (order: 6, 262144 bytes)
[    0.308312] TCP: Hash tables configured (established 16384 bind 16384)
[    0.311766] UDP hash table entries: 1024 (order: 3, 32768 bytes)
[    0.312593] UDP-Lite hash table entries: 1024 (order: 3, 32768 bytes)
[    0.313843] NET: Registered protocol family 1
[    0.314647] pci 0000:00:00.0: Limiting direct PCI/PCI transfers
[    0.315568] pci 0000:00:01.0: Activating ISA DMA hang workarounds
[    0.317046] pci 0000:00:02.0: Video device with shadowed ROM at [mem 0x000c0000-0x000dffff]
[    0.318681] Unpacking initramfs...
[    0.691089] Freeing initrd memory: 19764K
[    0.692411] clocksource: tsc: mask: 0xffffffffffffffff max_cycles: 0x255cbae350f, max_idle_ns: 440795327587 ns
[    0.695129] platform rtc_cmos: registered platform RTC device (no PNP device found)
[    0.696714] Scanning for low memory corruption every 60 seconds
[    0.698543] Initialise system trusted keyrings
[    0.699724] Key type blacklist registered
[    0.700924] workingset: timestamp_bits=36 max_order=19 bucket_order=0
[    0.702764] zbud: loaded
[    0.704146] squashfs: version 4.0 (2009/01/31) Phillip Lougher
[    0.705895] fuse init (API version 7.26)
[    0.708928] Key type asymmetric registered
[    0.709596] Asymmetric key parser 'x509' registered
[    0.710281] Block layer SCSI generic (bsg) driver version 0.4 loaded (major 246)
[    0.711506] io scheduler noop registered
[    0.712141] io scheduler deadline registered
[    0.712870] io scheduler cfq registered (default)
[    0.714406] ACPI: AC Adapter [AC] (on-line)
[    0.715011] input: Power Button as /devices/LNXSYSTM:00/LNXPWRBN:00/input/input0
[    0.716349] ACPI: Power Button [PWRF]
[    0.716884] input: Sleep Button as /devices/LNXSYSTM:00/LNXSLPBN:00/input/input1
[    0.717925] ACPI: Sleep Button [SLPF]
[    0.718672] Serial: 8250/16550 driver, 32 ports, IRQ sharing enabled
[    0.719602] ACPI: Battery Slot [BAT0] (battery present)
[    0.742101] 00:02: ttyS0 at I/O 0x3f8 (irq = 4, base_baud = 115200) is a 16550A
[    0.745018] Linux agpgart interface v0.103
[    0.746621] loop: module loaded
[    0.747556] scsi host0: ata_piix
[    0.748162] scsi host1: ata_piix
[    0.748718] ata1: PATA max UDMA/33 cmd 0x1f0 ctl 0x3f6 bmdma 0xd000 irq 14
[    0.749790] ata2: PATA max UDMA/33 cmd 0x170 ctl 0x376 bmdma 0xd008 irq 15
[    0.751657] libphy: Fixed MDIO Bus: probed
[    0.752215] tun: Universal TUN/TAP device driver, 1.6
[    0.753085] PPP generic driver version 2.4.2
[    0.753798] ehci_hcd: USB 2.0 'Enhanced' Host Controller (EHCI) Driver
[    0.755129] ehci-pci: EHCI PCI platform driver
[    0.755715] ehci-platform: EHCI generic platform driver
[    0.756581] ohci_hcd: USB 1.1 'Open' Host Controller (OHCI) Driver
[    0.757522] ohci-pci: OHCI PCI platform driver
[    0.758605] ohci-platform: OHCI generic platform driver
[    0.762960] uhci_hcd: USB Universal Host Controller Interface driver
[    0.764581] i8042: PNP: PS/2 Controller [PNP0303:PS2K,PNP0f03:PS2M] at 0x60,0x64 irq 1,12
[    0.767415] serio: i8042 KBD port at 0x60,0x64 irq 1
[    0.768469] serio: i8042 AUX port at 0x60,0x64 irq 12
[    0.769701] mousedev: PS/2 mouse device common for all mice
[    0.771196] input: AT Translated Set 2 keyboard as /devices/platform/i8042/serio0/input/input2
[    0.773359] rtc_cmos rtc_cmos: rtc core: registered rtc_cmos as rtc0
[    0.775602] rtc_cmos rtc_cmos: alarms up to one day, 114 bytes nvram
[    0.776850] i2c /dev entries driver
[    0.777547] device-mapper: uevent: version 1.0.3
[    0.778904] device-mapper: ioctl: 4.37.0-ioctl (2017-09-20) initialised: dm-devel@redhat.com
[    0.780729] ledtrig-cpu: registered to indicate activity on CPUs
[    0.782668] NET: Registered protocol family 10
[    0.787428] Segment Routing with IPv6
[    0.788453] NET: Registered protocol family 17
[    0.789515] Key type dns_resolver registered
[    0.790636] mce: Using 0 MCE banks
[    0.791285] RAS: Correctable Errors collector initialized.
[    0.792524] sched_clock: Marking stable (792477100, 0)->(968376212, -175899112)
[    0.794767] registered taskstats version 1
[    0.795641] Loading compiled-in X.509 certificates
[    0.799368] Loaded X.509 cert 'Build time autogenerated kernel key: 517b2180bafe62ad6f81db3336688475b28504c0'
[    0.801794] zswap: loaded using pool lzo/zbud
[    0.805805] Key type big_key registered
[    0.806498] Key type trusted registered
[    0.808273] Key type encrypted registered
[    0.808850] AppArmor: AppArmor sha1 policy hashing enabled
[    0.809696] ima: No TPM chip found, activating TPM-bypass! (rc=-19)
[    0.810825] ima: Allocated hash algorithm: sha1
[    0.811782] evm: HMAC attrs: 0x1
[    0.813302]   Magic number: 0:735:280
[    0.814677] tty tty17: hash matches
[    0.815685] rtc_cmos rtc_cmos: setting system clock to 2020-12-08 13:15:59 UTC (1607433359)
[    0.817854] BIOS EDD facility v0.16 2004-Jun-25, 0 devices found
[    0.818894] EDD information not available.
[    0.977025] Freeing unused kernel image memory: 2436K
[    1.221576] Write protecting the kernel read-only data: 20480k
[    1.224182] Freeing unused kernel image memory: 2008K
[    1.225960] Freeing unused kernel image memory: 1872K
[    1.234527] x86/mm: Checked W+X mappings: passed, no W+X pages found.
Loading, please wait...
starting version 237
[    1.295011] e1000: Intel(R) PRO/1000 Network Driver - version 7.3.21-k8-NAPI
[    1.296580] e1000: Copyright (c) 1999-2006 Intel Corporation.
[    1.306561] Fusion MPT base driver 3.04.20
[    1.307609] Copyright (c) 1999-2008 LSI Corporation
[    1.314227] vboxvideo: loading out-of-tree module taints kernel.
[    1.317316] Fusion MPT SPI Host driver 3.04.20
[    1.318866] vboxvideo: module verification failed: signature and/or required key missing - tainting kernel
[    1.328011] AVX2 version of gcm_enc/dec engaged.
[    1.328855] AES CTR mode by8 optimization enabled
[    1.332240] mptbase: ioc0: Initiating bringup
[    1.441166] ioc0: LSI53C1030 A0: Capabilities={Initiator}
[    1.519730] input: ImExPS/2 Generic Explorer Mouse as /devices/platform/i8042/serio1/input/input4
[    1.684582] scsi host2: ioc0: LSI53C1030 A0, FwRev=00000000h, Ports=1, MaxQ=256, IRQ=20
[    1.869591] scsi 2:0:0:0: Direct-Access     VBOX     HARDDISK         1.0  PQ: 0 ANSI: 5
[    1.908456] scsi target2:0:0: Beginning Domain Validation
[    1.918084] scsi target2:0:0: Domain Validation skipping write tests
[    1.920399] scsi target2:0:0: Ending Domain Validation
[    1.921656] scsi target2:0:0: asynchronous
[    1.923489] scsi 2:0:1:0: Direct-Access     VBOX     HARDDISK         1.0  PQ: 0 ANSI: 5
[    2.227492] scsi target2:0:1: Beginning Domain Validation
[    2.231006] random: fast init done
[    2.231975] scsi target2:0:1: Domain Validation skipping write tests
[    2.233693] scsi target2:0:1: Ending Domain Validation
[    2.234868] scsi target2:0:1: asynchronous
[    2.240606] random: systemd-udevd: uninitialized urandom read (16 bytes read)
[    2.242072] random: systemd-udevd: uninitialized urandom read (16 bytes read)
[    2.243576] random: systemd-udevd: uninitialized urandom read (16 bytes read)
[    2.245578] sd 2:0:0:0: [sda] 20971520 512-byte logical blocks: (10.7 GB/10.0 GiB)
[    2.247713] sd 2:0:0:0: [sda] Write Protect is off
[    2.249005] sd 2:0:0:0: [sda] Incomplete mode parameter data
[    2.250471] sd 2:0:0:0: [sda] Assuming drive cache: write through
[    2.251795] sd 2:0:0:0: Attached scsi generic sg0 type 0
[    2.256494] sd 2:0:1:0: [sdb] 20480 512-byte logical blocks: (10.5 MB/10.0 MiB)
[    2.258099] sd 2:0:1:0: [sdb] Write Protect is off
[    2.258598] e1000 0000:00:03.0 eth0: (PCI:33MHz:32-bit) 02:c6:b0:25:69:cb
[    2.260398] e1000 0000:00:03.0 eth0: Intel(R) PRO/1000 Network Connection
[    2.260595] sd 2:0:1:0: [sdb] Incomplete mode parameter data
[    2.263019] sd 2:0:1:0: [sdb] Assuming drive cache: write through
[    2.264584] sd 2:0:1:0: Attached scsi generic sg1 type 0
[    2.270518]  sda: sda1
[    2.273211] sd 2:0:1:0: [sdb] Attached SCSI disk
[    2.274896] sd 2:0:0:0: [sda] Attached SCSI disk
[    2.646927] e1000 0000:00:08.0 eth1: (PCI:33MHz:32-bit) 08:00:27:5b:4a:fa
[    2.648818] e1000 0000:00:08.0 eth1: Intel(R) PRO/1000 Network Connection
[    2.651201] [drm] VRAM 01000000
[    2.652361] [TTM] Zone  kernel: Available graphics memory: 794092 kiB
[    2.653815] [TTM] Initializing pool allocator
[    2.654962] [TTM] Initializing DMA pool allocator
[    2.658232] fbcon: vboxdrmfb (fb0) is primary device
[    2.660615] Console: switching to colour frame buffer device 100x37
[    2.664274] vboxvideo 0000:00:02.0: fb0: vboxdrmfb frame buffer device
[    2.680305] [drm] Initialized vboxvideo 1.0.0 20130823 for 0000:00:02.0 on minor 0
[    3.056872] e1000 0000:00:09.0 eth2: (PCI:33MHz:32-bit) 08:00:27:0c:f7:32
[    3.058111] e1000 0000:00:09.0 eth2: Intel(R) PRO/1000 Network Connection
[    3.059940] e1000 0000:00:08.0 enp0s8: renamed from eth1
[    3.125186] e1000 0000:00:03.0 enp0s3: renamed from eth0
[    3.140661] e1000 0000:00:09.0 enp0s9: renamed from eth2
Begin: Loading essential drivers ... [    3.280160] raid6: sse2x1   gen() 11251 MB/s
[    3.328448] raid6: sse2x1   xor()  6812 MB/s
[    3.376241] raid6: sse2x2   gen() 14586 MB/s
[    3.424416] raid6: sse2x2   xor()  8546 MB/s
[    3.472078] raid6: sse2x4   gen() 15307 MB/s
[    3.520784] raid6: sse2x4   xor()  9050 MB/s
[    3.568123] raid6: avx2x1   gen() 22202 MB/s
[    3.616189] raid6: avx2x1   xor() 12910 MB/s
[    3.664306] raid6: avx2x2   gen() 21645 MB/s
[    3.712058] raid6: avx2x2   xor() 12638 MB/s
[    3.760129] raid6: avx2x4   gen() 18132 MB/s
[    3.808086] raid6: avx2x4   xor() 14084 MB/s
[    3.808879] raid6: using algorithm avx2x1 gen() 22202 MB/s
[    3.809913] raid6: .... xor() 12910 MB/s, rmw enabled
[    3.810781] raid6: using avx2x2 recovery algorithm
[    3.813298] xor: automatically using best checksumming function   avx       
[    3.816106] async_tx: api initialized (async)
done.
Begin: Running /scripts/init-premount ... done.
Begin: Mounting root file system ... Begin: Running /scripts/local-top ... done.
Begin: Running /scripts/local-premount ... [    3.859373] Btrfs loaded, crc32c=crc32c-intel
Scanning for Btrfs filesystems
done.
Warning: fsck not present, so skipping root file system
[    3.891352] EXT4-fs (sda1): mounted filesystem with ordered data mode. Opts: (null)
done.
Begin: Running /scripts/local-bottom ... done.
Begin: Running /scripts/init-bottom ... done.
[    4.082444] ip_tables: (C) 2000-2006 Netfilter Core Team
[    4.092536] systemd[1]: systemd 237 running in system mode. (+PAM +AUDIT +SELINUX +IMA +APPARMOR +SMACK +SYSVINIT +UTMP +LIBCRYPTSETUP +GCRYPT +GNUTLS +ACL +XZ +LZ4 +SECCOMP +BLKID +ELFUTILS +KMOD -IDN2 +IDN -PCRE2 default-hierarchy=hybrid)
[    4.097240] systemd[1]: Detected virtualization oracle.
[    4.098410] systemd[1]: Detected architecture x86-64.

Welcome to [1mUbuntu 18.04.5 LTS[0m!

[    4.104892] systemd[1]: Set hostname to <ubuntu-bionic>.
[    4.439218] systemd[1]: Reached target System Time Synchronized.
[[0;32m  OK  [0m] Reached target System Time Synchronized.
[    4.443903] systemd[1]: Created slice System Slice.
[[0;32m  OK  [0m] Created slice System Slice.
[    4.445981] systemd[1]: Listening on LVM2 metadata daemon socket.
[[0;32m  OK  [0m] Listening on LVM2 metadata daemon socket.
[    4.449297] systemd[1]: Listening on Syslog Socket.
[[0;32m  OK  [0m] Listening on Syslog Socket.
[    4.451668] systemd[1]: Created slice system-serial\x2dgetty.slice.
[[0;32m  OK  [0m] Created slice system-serial\x2dgetty.slice.
[    4.454003] systemd[1]: Listening on udev Kernel Socket.
[[0;32m  OK  [0m] Listening on udev Kernel Socket.
[[0;32m  OK  [0m] Created slice User and Session Slice.
[[0;32m  OK  [0m] Listening on LVM2 poll daemon socket.
[[0;32m  OK  [0m] Listening on /dev/initctl Compatibility Named Pipe.
[[0;32m  OK  [0m] Listening on Network Service Netlink Socket.
[[0;32m  OK  [0m] Reached target Swap.
[[0;32m  OK  [0m] Set up automount Arbitrary Executab…rmats File System Automount Point.
[[0;32m  OK  [0m] Started Forward Password Requests to Wall Directory Watch.
[[0;32m  OK  [0m] Listening on Journal Socket (/dev/log).
[[0;32m  OK  [0m] Listening on Journal Socket.
         Starting Load Kernel Modules...
         Starting Create list of required st…ce nodes for the current kernel...
         Mounting POSIX Message Queue File System...
         Starting Uncomplicated firewall...
         Mounting Huge Pages File System...
[[0;32m  OK  [0m] Listening on Device-mapper event daemon FIFOs.
         Starting Monitoring of LVM2 mirrors…ng dmeventd or progress polling...
         Starting Remount Root and Kernel File Systems...
[[0;32m  OK  [0m] Listening on Journal Audit Socket.
         Starting Journal Service...
[[0;32m  OK  [0m] Listening on udev Control Socket.
         Starting udev Coldplug all Devices...
         Starting Set the console keyboard layout...
[[0;32m  OK  [0m] Reached target Slices.
         Mounting Kernel Debug File System...
[    4.496984] Loading iSCSI transport class v2.0-870.
[[0;32m  OK  [0m] Reached target User and Group Name Lookups.
[    4.507770] iscsi: registered transport (tcp)
[    4.526378] iscsi: registered transport (iser)
[[0;32m  OK  [0m] Started Load Kernel Modules.
[[0;32m  OK  [0m] Started Create list of required sta…vice nodes for the current kernel.
[[0;32m  OK  [0m] Mounted POSIX Message Queue File System.
[[0;32m  OK  [0m] Started Uncomplicated firewall.
[[0;32m  OK  [0m] Mounted Huge Pages File System.
[[0;32m  OK  [0m] Mounted Kernel Debug File System.
[[0;32m  OK  [0m] Started udev Coldplug all Devices.
         Starting Create Static Device Nodes in /dev...
         Starting Apply Kernel Variables...
         Mounting FUSE Control File System...
         Mounting Kernel Configuration File System...
[[0;32m  OK  [0m] Mounted FUSE Control File System.
[[0;32m  OK  [0m] Mounted Kernel Configuration File System.
[[0;32m  OK  [0m] Started LVM2 metadata daemon.
[    4.602013] EXT4-fs (sda1): re-mounted. Opts: (null)
[[0;32m  OK  [0m] Started Remount Root and Kernel File Systems.
         Starting Load/Save Random Seed...
[[0;32m  OK  [0m] Started Journal Service.
         Starting Flush Journal to Persistent Storage...
[[0;32m  OK  [0m] Started Create Static Device Nodes in /dev.
         Starting udev Kernel Device Manager...
[[0;32m  OK  [0m] Started Apply Kernel Variables.
[[0;32m  OK  [0m] Started Monitoring of LVM2 mirrors,…sing dmeventd or progress polling.
[[0;32m  OK  [0m] Started Load/Save Random Seed.
[[0;32m  OK  [0m] Started udev Kernel Device Manager.
[[0;32m  OK  [0m] Started Flush Journal to Persistent Storage.
[[0;32m  OK  [0m] Started Set the console keyboard layout.
[[0;32m  OK  [0m] Reached target Local File Systems (Pre).
         Mounting /vagrant...
[[0;32m  OK  [0m] Reached target Local File Systems.
         Starting AppArmor initialization...
         Starting ebtables ruleset management...
         Starting Create Volatile Files and Directories...
         Starting Set console font and keymap...
         Starting Tell Plymouth To Write Out Runtime Data...
         Mounting /opt/scripts...
[[0;32m  OK  [0m] Started Dispatch Password Requests to Console Directory Watch.
[[0;32m  OK  [0m] Reached target Local Encrypted Volumes.
[[0;32m  OK  [0m] Started Set console font and keymap.
[[0;32m  OK  [0m] Started Create Volatile Files and Directories.
[[0;32m  OK  [0m] Started Tell Plymouth To Write Out Runtime Data.
         Starting Update UTMP about System Boot/Shutdown...
[[0;32m  OK  [0m] Mounted /vagrant.
[[0;1;31mFAILED[0m] Failed to mount /opt/scripts.
See 'systemctl status opt-scripts.mount' for details.
[[0;32m  OK  [0m] Started Update UTMP about System Boot/Shutdown.
[[0;32m  OK  [0m] Started ebtables ruleset management.
[[0;32m  OK  [0m] Found device /dev/ttyS0.
[[0;32m  OK  [0m] Listening on Load/Save RF Kill Switch Status /dev/rfkill Watch.
[[0;32m  OK  [0m] Started AppArmor initialization.
         Starting Initial cloud-init job (pre-networking)...
         Starting Load AppArmor profiles managed internally by snapd...
[[0;32m  OK  [0m] Started Load AppArmor profiles managed internally by snapd.
[    6.395803] cloud-init[575]: Cloud-init v. 20.3-2-g371b392c-0ubuntu1~18.04.1 running 'init-local' at Tue, 08 Dec 2020 13:16:04 +0000. Up 6.20 seconds.
[[0;32m  OK  [0m] Started Initial cloud-init job (pre-networking).
[[0;32m  OK  [0m] Reached target Network (Pre).
         Starting Network Service...
[[0;32m  OK  [0m] Started Network Service.
         Starting Wait for Network to be Configured...
         Starting Network Name Resolution...
[[0;32m  OK  [0m] Started Network Name Resolution.
[[0;32m  OK  [0m] Reached target Host and Network Name Lookups.
[[0;32m  OK  [0m] Reached target Network.
[[0;32m  OK  [0m] Started Wait for Network to be Configured.
         Starting Initial cloud-init job (metadata service crawler)...
[    8.817553] cloud-init[746]: Cloud-init v. 20.3-2-g371b392c-0ubuntu1~18.04.1 running 'init' at Tue, 08 Dec 2020 13:16:07 +0000. Up 8.69 seconds.
[    8.818813] cloud-init[746]: ci-info: ++++++++++++++++++++++++++++++++++++++Net device info+++++++++++++++++++++++++++++++++++++++
[    8.828162] cloud-init[746]: ci-info: +--------+------+-----------------------------+---------------+--------+-------------------+
[    8.840203] cloud-init[746]: ci-info: | Device |  Up  |           Address           |      Mask     | Scope  |     Hw-Address    |
[    8.841189] cloud-init[746]: ci-info: +--------+------+-----------------------------+---------------+--------+-------------------+
[    8.842616] cloud-init[746]: ci-info: | enp0s3 | True |          10.0.2.15          | 255.255.255.0 | global | 02:c6:b0:25:69:cb |
[    8.844727] cloud-init[746]: ci-info: | enp0s3 | True |  fe80::c6:b0ff:fe25:69cb/64 |       .       |  link  | 02:c6:b0:25:69:cb |
[    8.846673] cloud-init[746]: ci-info: | enp0s8 | True |        192.168.25.12        | 255.255.255.0 | global | 08:00:27:5b:4a:fa |
[    8.848370] cloud-init[746]: ci-info: | enp0s8 | True | fe80::a00:27ff:fe5b:4afa/64 |       .       |  link  | 08:00:27:5b:4a:fa |
[    8.849981] cloud-init[746]: ci-info: | enp0s9 | True |        192.168.0.104        | 255.255.255.0 | global | 08:00:27:0c:f7:32 |
[    8.851510] cloud-init[746]: ci-info: | enp0s9 | True | fe80::a00:27ff:fe0c:f732/64 |       .       |  link  | 08:00:27:0c:f7:32 |
[    8.853447] cloud-init[746]: ci-info: |   lo   | True |          127.0.0.1          |   255.0.0.0   |  host  |         .         |
[    8.855303] cloud-init[746]: ci-info: |   lo   | True |           ::1/128           |       .       |  host  |         .         |
[    8.857070] cloud-init[746]: ci-info: +--------+------+-----------------------------+---------------+--------+-------------------+
[    8.858746] cloud-init[746]: ci-info: ++++++++++++++++++++++++++++++Route IPv4 info+++++++++++++++++++++++++++++++
[    8.860200] cloud-init[746]: ci-info: +-------+--------------+-------------+-----------------+-----------+-------+
[    8.861652] cloud-init[746]: ci-info: | Route | Destination  |   Gateway   |     Genmask     | Interface | Flags |
[    8.863315] cloud-init[746]: ci-info: +-------+--------------+-------------+-----------------+-----------+-------+
[    8.865124] cloud-init[746]: ci-info: |   0   |   0.0.0.0    |   10.0.2.2  |     0.0.0.0     |   enp0s3  |   UG  |
[    8.866518] cloud-init[746]: ci-info: |   1   |   0.0.0.0    | 192.168.0.1 |     0.0.0.0     |   enp0s9  |   UG  |
[    8.867947] cloud-init[746]: ci-info: |   2   |   10.0.2.0   |   0.0.0.0   |  255.255.255.0  |   enp0s3  |   U   |
[    8.876268] cloud-init[746]: ci-info: |   3   |   10.0.2.2   |   0.0.0.0   | 255.255.255.255 |   enp0s3  |   UH  |
[    8.877505] cloud-init[746]: ci-info: |   4   | 192.168.0.0  |   0.0.0.0   |  255.255.255.0  |   enp0s9  |   U   |
[    8.878661] cloud-init[746]: ci-info: |   5   | 192.168.0.1  |   0.0.0.0   | 255.255.255.255 |   enp0s9  |   UH  |
[    8.881594] cloud-init[746]: ci-info: |   6   | 192.168.25.0 |   0.0.0.0   |  255.255.255.0  |   enp0s8  |   U   |
[    8.883352] cloud-init[746]: ci-info: +-------+--------------+-------------+-----------------+-----------+-------+
[    8.900239] cloud-init[746]: ci-info: +++++++++++++++++++Route IPv6 info+++++++++++++++++++
[    8.916381] cloud-init[746]: ci-info: +-------+-------------+---------+-----------+-------+
[    8.917410] cloud-init[746]: ci-info: | Route | Destination | Gateway | Interface | Flags |
[    8.918492] cloud-init[746]: ci-info: +-------+-------------+---------+-----------+-------+
[    8.919674] cloud-init[746]: ci-info: |   1   |  fe80::/64  |    ::   |   enp0s9  |   U   |
[    8.920870] cloud-init[746]: ci-info: |   2   |  fe80::/64  |    ::   |   enp0s3  |   U   |
[    8.922263] cloud-init[746]: ci-info: |   3   |  fe80::/64  |    ::   |   enp0s8  |   U   |
[    8.923443] cloud-init[746]: ci-info: |   5   |    local    |    ::   |   enp0s3  |   U   |
[    8.924903] cloud-init[746]: ci-info: |   6   |    local    |    ::   |   enp0s9  |   U   |
[    8.925793] cloud-init[746]: ci-info: |   7   |    local    |    ::   |   enp0s8  |   U   |
[    8.927025] cloud-init[746]: ci-info: |   8   |   ff00::/8  |    ::   |   enp0s9  |   U   |
[    8.928263] cloud-init[746]: ci-info: |   9   |   ff00::/8  |    ::   |   enp0s3  |   U   |
[    8.929513] cloud-init[746]: ci-info: |   10  |   ff00::/8  |    ::   |   enp0s8  |   U   |
[    8.930773] cloud-init[746]: ci-info: +-------+-------------+---------+-----------+-------+
[[0;32m  OK  [0m] Started Initial cloud-init job (metadata service crawler).
[[0;32m  OK  [0m] Reached target Cloud-config availability.
[[0;32m  OK  [0m] Reached target System Initialization.
[[0;32m  OK  [0m] Listening on Open-iSCSI iscsid Socket.
[[0;32m  OK  [0m] Started Daily Cleanup of Temporary Directories.
[[0;32m  OK  [0m] Started Discard unused blocks once a week.
[[0;32m  OK  [0m] Listening on D-Bus System Message Bus Socket.
         Starting LXD - unix socket.
         Starting Socket activation for snappy daemon.
[[0;32m  OK  [0m] Started Message of the Day.
[[0;32m  OK  [0m] Listening on UUID daemon activation socket.
[[0;32m  OK  [0m] Listening on ACPID Listen Socket.
[[0;32m  OK  [0m] Started Daily apt download activities.
[[0;32m  OK  [0m] Started Daily apt upgrade and clean activities.
[[0;32m  OK  [0m] Reached target Timers.
[[0;32m  OK  [0m] Started ACPI Events Check.
[[0;32m  OK  [0m] Reached target Paths.
[[0;32m  OK  [0m] Reached target Network is Online.
[[0;32m  OK  [0m] Reached target Remote File Systems (Pre).
[[0;32m  OK  [0m] Reached target Remote File Systems.
         Starting Availability of block devices...
[[0;32m  OK  [0m] Listening on LXD - unix socket.
[[0;32m  OK  [0m] Listening on Socket activation for snappy daemon.
[[0;32m  OK  [0m] Reached target Sockets.
[[0;32m  OK  [0m] Reached target Basic System.
         Starting LXD - container startup/shutdown...
[[0;32m  OK  [0m] Started FUSE filesystem for LXC.
         Starting System Logging Service...
         Starting vboxadd.service...
         Starting Accounts Service...
         Starting Permit User Sessions...
[[0;32m  OK  [0m] Started Deferred execution scheduler.
         Starting LSB: Record successful boot for GRUB...
[[0;32m  OK  [0m] Started irqbalance daemon.
         Starting LSB: automatic crash report generation...
         Starting Dispatcher daemon for systemd-networkd...
[[0;32m  OK  [0m] Started D-Bus System Message Bus.
         Starting OpenBSD Secure Shell server...
[[0;32m  OK  [0m] Started Regular background program processing daemon.
         Starting Login Service...
         Starting Snap Daemon...
[[0;32m  OK  [0m] Started System Logging Service.
[[0;32m  OK  [0m] Started Availability of block devices.
[[0;32m  OK  [0m] Started LXD - container startup/shutdown.
[[0;32m  OK  [0m] Started Permit User Sessions.
[[0;32m  OK  [0m] Started OpenBSD Secure Shell server.
[[0;32m  OK  [0m] Started Login Service.
[[0;32m  OK  [0m] Started Dispatcher daemon for systemd-networkd.
[[0;32m  OK  [0m] Started Unattended Upgrades Shutdown.
         Starting Authorization Manager...
         Starting Hostname Service...
         Starting Hold until boot process finishes up...
         Starting Terminate Plymouth Boot Screen...
[[0;32m  OK  [0m] Started Hold until boot process finishes up.
[[0;32m  OK  [0m] Started Terminate Plymouth Boot Screen.
         Starting Set console scheme...
[[0;32m  OK  [0m] Started Serial Getty on ttyS0.
[[0;32m  OK  [0m] Started Authorization Manager.
[[0;32m  OK  [0m] Started Accounts Service.
[[0;32m  OK  [0m] Started Set console scheme.
[[0;32m  OK  [0m] Created slice system-getty.slice.
[[0;32m  OK  [0m] Started Getty on tty1.
[[0;32m  OK  [0m] Reached target Login Prompts.
[[0;32m  OK  [0m] Started Hostname Service.
[[0;32m  OK  [0m] Started LSB: Record successful boot for GRUB.
[[0;32m  OK  [0m] Started LSB: automatic crash report generation.
[[0;32m  OK  [0m] Started Snap Daemon.
         Starting Wait until snapd is fully seeded...
[[0;32m  OK  [0m] Started Wait until snapd is fully seeded.
         Starting Apply the settings specified in cloud-config...
[[0;32m  OK  [0m] Started vboxadd.service.
         Starting vboxadd-service.service...
[[0;32m  OK  [0m] Started vboxadd-service.service.
[[0;32m  OK  [0m] Reached target Multi-User System.
[[0;32m  OK  [0m] Reached target Graphical Interface.
         Starting Update UTMP about System Runlevel Changes...
[[0;32m  OK  [0m] Started Update UTMP about System Runlevel Changes.
[   11.454948] cloud-init[1194]: Cloud-init v. 20.3-2-g371b392c-0ubuntu1~18.04.1 running 'modules:config' at Tue, 08 Dec 2020 13:16:10 +0000. Up 11.33 seconds.
[[0;32m  OK  [0m] Started Apply the settings specified in cloud-config.
         Starting Execute cloud user/final scripts...
[[0;32m  OK  [0m] Created slice User Slice of vagrant.
         Starting User Manager for UID 1000...
[[0;32m  OK  [0m] Started Session 1 of user vagrant.
[[0;32m  OK  [0m] Started User Manager for UID 1000.
[   12.020943] cloud-init[1347]: Cloud-init v. 20.3-2-g371b392c-0ubuntu1~18.04.1 running 'modules:final' at Tue, 08 Dec 2020 13:16:10 +0000. Up 11.89 seconds.
[   12.022331] cloud-init[1347]: Cloud-init v. 20.3-2-g371b392c-0ubuntu1~18.04.1 finished at Tue, 08 Dec 2020 13:16:10 +0000. Datasource DataSourceNoCloud [seed=/dev/sdb][dsmode=net].  Up 12.01 seconds
[[0;32m  OK  [0m] Started Execute cloud user/final scripts.
[[0;32m  OK  [0m] Reached target Cloud-init target.

Ubuntu 18.04.5 LTS ubuntu-bionic ttyS0

ubuntu-bionic login: 